This file contains any messages produced by compilers while
running configure, to aid debugging if configure makes a mistake.

It was created by configure, which was
generated by GNU Autoconf 2.69.  Invocation command line was

  $ ./configure --target=x86_64-windows --enable-smp --enable-sb16 --enable-debugger --enable-debugger-gui --enable-ne2000 --enable-cdrom --enable-all-optimizations --enable-cpu-level=6 --enable-x86-64 --enable-vmx=2 --enable-pci --enable-clgd54xx --enable-voodoo --enable-usb --enable-usb-ohci --enable-usb-ehci --enable-usb-xhci --enable-busmouse --enable-es1370 --enable-e1000 --enable-show-ips --with-win32 --with-rfb --with-nogui

## --------- ##
## Platform. ##
## --------- ##

hostname = lenotop
uname -m = x86_64
uname -r = 3.3.5-341.x86_64
uname -s = CYGWIN_NT-10.0-19044
uname -v = 2022-05-13 12:27 UTC

/usr/bin/uname -p = unknown
/bin/uname -X     = unknown

/bin/arch              = x86_64
/usr/bin/arch -k       = unknown
/usr/convex/getsysinfo = unknown
/usr/bin/hostinfo      = unknown
/bin/machine           = unknown
/usr/bin/oslevel       = unknown
/bin/universe          = unknown

PATH: /usr/local/bin
PATH: /usr/bin
PATH: /cygdrive/c/Program Files (x86)/Common Files/Oracle/Java/javapath
PATH: /cygdrive/c/Program Files/Python310/Scripts
PATH: /cygdrive/c/Program Files/Python310
PATH: /cygdrive/c/Program Files (x86)/VMware/VMware Workstation/bin
PATH: /cygdrive/c/Windows/system32
PATH: /cygdrive/c/Windows
PATH: /cygdrive/c/Windows/System32/Wbem
PATH: /cygdrive/c/Windows/System32/WindowsPowerShell/v1.0
PATH: /cygdrive/c/Windows/System32/OpenSSH
PATH: /cygdrive/c/Program Files/010 Editor
PATH: /cygdrive/c/Program Files (x86)/GitExtensions
PATH: /cygdrive/c/Program Files/Git/cmd
PATH: /cygdrive/c/Program Files/PuTTY
PATH: /cygdrive/c/Program Files/NVIDIA Corporation/NVIDIA NvDLISR
PATH: /cygdrive/c/Program Files (x86)/NVIDIA Corporation/PhysX/Common
PATH: /cygdrive/c/Program Files/Microsoft SQL Server/110/Tools/Binn
PATH: /cygdrive/c/Program Files (x86)/Microsoft SDKs/TypeScript/1.0
PATH: /cygdrive/c/Users/leno/AppData/Local/Microsoft/WindowsApps
PATH: /cygdrive/c/Users/leno/AppData/Local/Programs/Microsoft VS Code/bin
PATH: /cygdrive/c/Program Files (x86)/Windows Kits/10/Debuggers/x64
PATH: /cygdrive/c/vcpkg
PATH: /cygdrive/c/Program Files/qemu


## ----------- ##
## Core tests. ##
## ----------- ##

configure:3234: checking build system type
configure:3248: result: x86_64-pc-cygwin
configure:3268: checking host system type
configure:3281: result: x86_64-pc-cygwin
configure:3301: checking target system type
configure:3314: result: x86_64-pc-windows
configure:3341: checking if you are configuring for another platform
configure:3344: result: yes
configure:3425: checking for standard CFLAGS on this platform
configure:3427: result: 
configure:3496: checking for gcc
configure:3512: found /usr/bin/gcc
configure:3523: result: gcc
configure:3752: checking for C compiler version
configure:3761: gcc --version >&5
gcc (GCC) 11.3.0
Copyright (C) 2021 Free Software Foundation, Inc.
This is free software; see the source for copying conditions.  There is NO
warranty; not even for MERCHANTABILITY or FITNESS FOR A PARTICULAR PURPOSE.

configure:3772: $? = 0
configure:3761: gcc -v >&5
Using built-in specs.
COLLECT_GCC=gcc
COLLECT_LTO_WRAPPER=/usr/lib/gcc/x86_64-pc-cygwin/11/lto-wrapper.exe
Target: x86_64-pc-cygwin
Configured with: /mnt/share/cygpkgs/gcc/gcc.x86_64/src/gcc-11.3.0/configure --srcdir=/mnt/share/cygpkgs/gcc/gcc.x86_64/src/gcc-11.3.0 --prefix=/usr --exec-prefix=/usr --localstatedir=/var --sysconfdir=/etc --docdir=/usr/share/doc/gcc --htmldir=/usr/share/doc/gcc/html -C --build=x86_64-pc-cygwin --host=x86_64-pc-cygwin --target=x86_64-pc-cygwin --without-libiconv-prefix --without-libintl-prefix --libexecdir=/usr/lib --with-gcc-major-version-only --enable-shared --enable-shared-libgcc --enable-static --enable-version-specific-runtime-libs --enable-bootstrap --enable-__cxa_atexit --with-dwarf2 --with-tune=generic --enable-languages=c,c++,fortran,lto,objc,obj-c++,jit --enable-graphite --enable-threads=posix --enable-libatomic --enable-libgomp --enable-libquadmath --enable-libquadmath-support --disable-libssp --enable-libada --disable-symvers --with-gnu-ld --with-gnu-as --with-cloog-include=/usr/include/cloog-isl --without-libiconv-prefix --without-libintl-prefix --with-system-zlib --enable-linker-build-id --with-default-libstdcxx-abi=gcc4-compatible --enable-libstdcxx-filesystem-ts
Thread model: posix
Supported LTO compression algorithms: zlib zstd
gcc version 11.3.0 (GCC) 
configure:3772: $? = 0
configure:3761: gcc -V >&5
gcc: error: unrecognized command-line option '-V'
gcc: fatal error: no input files
compilation terminated.
configure:3772: $? = 1
configure:3761: gcc -qversion >&5
gcc: error: unrecognized command-line option '-qversion'; did you mean '--version'?
gcc: fatal error: no input files
compilation terminated.
configure:3772: $? = 1
configure:3792: checking whether the C compiler works
configure:3814: gcc    conftest.c  >&5
configure:3818: $? = 0
configure:3866: result: yes
configure:3869: checking for C compiler default output file name
configure:3871: result: a.exe
configure:3877: checking for suffix of executables
configure:3884: gcc -o conftest.exe    conftest.c  >&5
configure:3888: $? = 0
configure:3910: result: .exe
configure:3932: checking whether we are cross compiling
configure:3940: gcc -o conftest.exe    conftest.c  >&5
configure:3944: $? = 0
configure:3951: ./conftest.exe
configure:3955: $? = 0
configure:3970: result: no
configure:3975: checking for suffix of object files
configure:3997: gcc -c   conftest.c >&5
configure:4001: $? = 0
configure:4022: result: o
configure:4026: checking whether we are using the GNU C compiler
configure:4045: gcc -c   conftest.c >&5
configure:4045: $? = 0
configure:4054: result: yes
configure:4063: checking whether gcc accepts -g
configure:4083: gcc -c -g  conftest.c >&5
configure:4083: $? = 0
configure:4124: result: yes
configure:4141: checking for gcc option to accept ISO C89
configure:4204: gcc  -c -g -O2  conftest.c >&5
configure:4204: $? = 0
configure:4217: result: none needed
configure:4295: checking for g++
configure:4311: found /usr/bin/g++
configure:4322: result: g++
configure:4349: checking for C++ compiler version
configure:4358: g++ --version >&5
g++ (GCC) 11.3.0
Copyright (C) 2021 Free Software Foundation, Inc.
This is free software; see the source for copying conditions.  There is NO
warranty; not even for MERCHANTABILITY or FITNESS FOR A PARTICULAR PURPOSE.

configure:4369: $? = 0
configure:4358: g++ -v >&5
Using built-in specs.
COLLECT_GCC=g++
COLLECT_LTO_WRAPPER=/usr/lib/gcc/x86_64-pc-cygwin/11/lto-wrapper.exe
Target: x86_64-pc-cygwin
Configured with: /mnt/share/cygpkgs/gcc/gcc.x86_64/src/gcc-11.3.0/configure --srcdir=/mnt/share/cygpkgs/gcc/gcc.x86_64/src/gcc-11.3.0 --prefix=/usr --exec-prefix=/usr --localstatedir=/var --sysconfdir=/etc --docdir=/usr/share/doc/gcc --htmldir=/usr/share/doc/gcc/html -C --build=x86_64-pc-cygwin --host=x86_64-pc-cygwin --target=x86_64-pc-cygwin --without-libiconv-prefix --without-libintl-prefix --libexecdir=/usr/lib --with-gcc-major-version-only --enable-shared --enable-shared-libgcc --enable-static --enable-version-specific-runtime-libs --enable-bootstrap --enable-__cxa_atexit --with-dwarf2 --with-tune=generic --enable-languages=c,c++,fortran,lto,objc,obj-c++,jit --enable-graphite --enable-threads=posix --enable-libatomic --enable-libgomp --enable-libquadmath --enable-libquadmath-support --disable-libssp --enable-libada --disable-symvers --with-gnu-ld --with-gnu-as --with-cloog-include=/usr/include/cloog-isl --without-libiconv-prefix --without-libintl-prefix --with-system-zlib --enable-linker-build-id --with-default-libstdcxx-abi=gcc4-compatible --enable-libstdcxx-filesystem-ts
Thread model: posix
Supported LTO compression algorithms: zlib zstd
gcc version 11.3.0 (GCC) 
configure:4369: $? = 0
configure:4358: g++ -V >&5
g++: error: unrecognized command-line option '-V'
g++: fatal error: no input files
compilation terminated.
configure:4369: $? = 1
configure:4358: g++ -qversion >&5
g++: error: unrecognized command-line option '-qversion'; did you mean '--version'?
g++: fatal error: no input files
compilation terminated.
configure:4369: $? = 1
configure:4373: checking whether we are using the GNU C++ compiler
configure:4392: g++ -c   conftest.cpp >&5
configure:4392: $? = 0
configure:4401: result: yes
configure:4410: checking whether g++ accepts -g
configure:4430: g++ -c -g  conftest.cpp >&5
configure:4430: $? = 0
configure:4471: result: yes
configure:4494: checking whether make sets $(MAKE)
configure:4516: result: yes
configure:19478: checking for pkg-config
configure:19496: found /usr/bin/pkg-config
configure:19509: result: /usr/bin/pkg-config
configure:20203: checking whether byte ordering is bigendian
configure:20218: gcc -c -g -O2  conftest.c >&5
conftest.c:11:16: error: unknown type name 'not'
   11 |                not a universal capable compiler
      |                ^~~
conftest.c:11:22: error: expected '=', ',', ';', 'asm' or '__attribute__' before 'universal'
   11 |                not a universal capable compiler
      |                      ^~~~~~~~~
conftest.c:11:22: error: unknown type name 'universal'
configure:20218: $? = 1
configure: failed program was:
| /* confdefs.h */
| #define PACKAGE_NAME ""
| #define PACKAGE_TARNAME ""
| #define PACKAGE_VERSION ""
| #define PACKAGE_STRING ""
| #define PACKAGE_BUGREPORT ""
| #define PACKAGE_URL ""
| #define MSVC_TARGET 64
| /* end confdefs.h.  */
| #ifndef __APPLE_CC__
| 	       not a universal capable compiler
| 	     #endif
| 	     typedef int dummy;
| 
configure:20263: gcc -c -g -O2  conftest.c >&5
configure:20263: $? = 0
configure:20281: gcc -c -g -O2  conftest.c >&5
conftest.c: In function 'main':
conftest.c:17:18: error: unknown type name 'not'; did you mean 'ino_t'?
   17 |                  not big endian
      |                  ^~~
      |                  ino_t
conftest.c:17:26: error: expected '=', ',', ';', 'asm' or '__attribute__' before 'endian'
   17 |                  not big endian
      |                          ^~~~~~
configure:20281: $? = 1
configure: failed program was:
| /* confdefs.h */
| #define PACKAGE_NAME ""
| #define PACKAGE_TARNAME ""
| #define PACKAGE_VERSION ""
| #define PACKAGE_STRING ""
| #define PACKAGE_BUGREPORT ""
| #define PACKAGE_URL ""
| #define MSVC_TARGET 64
| /* end confdefs.h.  */
| #include <sys/types.h>
| 		#include <sys/param.h>
| 
| int
| main ()
| {
| #if BYTE_ORDER != BIG_ENDIAN
| 		 not big endian
| 		#endif
| 
|   ;
|   return 0;
| }
configure:20409: result: no
configure:20431: checking size of unsigned char
configure:20436: gcc -o conftest.exe -g -O2   conftest.c  >&5
configure:20436: $? = 0
configure:20436: ./conftest.exe
configure:20436: $? = 0
configure:20450: result: 1
configure:20464: checking size of unsigned short
configure:20469: gcc -o conftest.exe -g -O2   conftest.c  >&5
configure:20469: $? = 0
configure:20469: ./conftest.exe
configure:20469: $? = 0
configure:20483: result: 2
configure:20497: checking size of unsigned int
configure:20502: gcc -o conftest.exe -g -O2   conftest.c  >&5
configure:20502: $? = 0
configure:20502: ./conftest.exe
configure:20502: $? = 0
configure:20516: result: 4
configure:20530: checking size of unsigned long
configure:20535: gcc -o conftest.exe -g -O2   conftest.c  >&5
configure:20535: $? = 0
configure:20535: ./conftest.exe
configure:20535: $? = 0
configure:20549: result: 8
configure:20563: checking size of unsigned long long
configure:20568: gcc -o conftest.exe -g -O2   conftest.c  >&5
configure:20568: $? = 0
configure:20568: ./conftest.exe
configure:20568: $? = 0
configure:20582: result: 8
configure:20629: checking for getenv
configure:20629: gcc -o conftest.exe -g -O2   conftest.c  >&5
configure:20629: $? = 0
configure:20629: result: yes
configure:20641: checking for setenv
configure:20641: gcc -o conftest.exe -g -O2   conftest.c  >&5
configure:20641: $? = 0
configure:20641: result: yes
configure:20653: checking for snprintf
configure:20653: gcc -o conftest.exe -g -O2   conftest.c  >&5
conftest.c:42:6: warning: conflicting types for built-in function 'snprintf'; expected 'int(char *, long unsigned int,  const char *, ...)' [-Wbuiltin-declaration-mismatch]
   42 | char snprintf ();
      |      ^~~~~~~~
conftest.c:30:1: note: 'snprintf' is declared in header '<stdio.h>'
   29 | # include <limits.h>
   30 | #else
configure:20653: $? = 0
configure:20653: result: yes
configure:20665: checking for vsnprintf
configure:20665: gcc -o conftest.exe -g -O2   conftest.c  >&5
conftest.c:44:6: warning: conflicting types for built-in function 'vsnprintf'; expected 'int(char *, long unsigned int,  const char *, char *)' [-Wbuiltin-declaration-mismatch]
   44 | char vsnprintf ();
      |      ^~~~~~~~~
conftest.c:32:1: note: 'vsnprintf' is declared in header '<stdio.h>'
   31 | # include <limits.h>
   32 | #else
configure:20665: $? = 0
configure:20665: result: yes
configure:20967: checking for sleep
configure:20967: gcc -o conftest.exe -g -O2   conftest.c  >&5
conftest.c:40: warning: "BX_HAVE_SETENV" redefined
   40 | #define BX_HAVE_SETENV 0
      | 
conftest.c:17: note: this is the location of the previous definition
   17 | #define BX_HAVE_SETENV 1
      | 
configure:20967: $? = 0
configure:20967: result: yes
configure:20979: checking for nanosleep
configure:20979: gcc -o conftest.exe -g -O2   conftest.c  >&5
conftest.c:40: warning: "BX_HAVE_SETENV" redefined
   40 | #define BX_HAVE_SETENV 0
      | 
conftest.c:17: note: this is the location of the previous definition
   17 | #define BX_HAVE_SETENV 1
      | 
configure:20979: $? = 0
configure:20979: result: yes
configure:20991: checking for abort
configure:20991: gcc -o conftest.exe -g -O2   conftest.c  >&5
conftest.c:40: warning: "BX_HAVE_SETENV" redefined
   40 | #define BX_HAVE_SETENV 0
      | 
conftest.c:17: note: this is the location of the previous definition
   17 | #define BX_HAVE_SETENV 1
      | 
conftest.c:70:6: warning: conflicting types for built-in function 'abort'; expected 'void(void)' [-Wbuiltin-declaration-mismatch]
   70 | char abort ();
      |      ^~~~~
conftest.c:58:1: note: 'abort' is declared in header '<stdlib.h>'
   57 | # include <limits.h>
   58 | #else
configure:20991: $? = 0
configure:20991: result: yes
configure:21001: checking for struct sockaddr_in.sin_len
configure:21001: gcc -c -g -O2  conftest.c >&5
conftest.c:40: warning: "BX_HAVE_SETENV" redefined
   40 | #define BX_HAVE_SETENV 0
      | 
conftest.c:17: note: this is the location of the previous definition
   17 | #define BX_HAVE_SETENV 1
      | 
conftest.c: In function 'main':
conftest.c:56:12: error: 'struct sockaddr_in' has no member named 'sin_len'
   56 | if (ac_aggr.sin_len)
      |            ^
configure:21001: $? = 1
configure: failed program was:
| /* confdefs.h */
| #define PACKAGE_NAME ""
| #define PACKAGE_TARNAME ""
| #define PACKAGE_VERSION ""
| #define PACKAGE_STRING ""
| #define PACKAGE_BUGREPORT ""
| #define PACKAGE_URL ""
| #define MSVC_TARGET 64
| #define SIZEOF_UNSIGNED_CHAR 1
| #define SIZEOF_UNSIGNED_SHORT 2
| #define SIZEOF_UNSIGNED_INT 4
| #define SIZEOF_UNSIGNED_LONG 8
| #define SIZEOF_UNSIGNED_LONG_LONG 8
| #define HAVE_GETENV 1
| #define BX_HAVE_GETENV 1
| #define HAVE_SETENV 1
| #define BX_HAVE_SETENV 1
| #define HAVE_SNPRINTF 1
| #define BX_HAVE_SNPRINTF 1
| #define HAVE_VSNPRINTF 1
| #define BX_HAVE_VSNPRINTF 1
| #define BX_HAVE_SELECT 1
| #define BX_HAVE_SOCKLEN_T 0
| #define BX_HAVE_STRTOULL 1
| #define BX_HAVE_STRTOUQ 0
| #define BX_HAVE_STRDUP 1
| #define BX_HAVE_STRREV 1
| #define BX_HAVE_STRICMP 1
| #define BX_HAVE_STRCASECMP 0
| #define BX_HAVE_MKSTEMP 0
| #define BX_HAVE_SYS_MMAN_H 0
| #define BX_HAVE_GETTIMEOFDAY 0
| #define BX_HAVE_USLEEP 0
| #define BX_HAVE___BUILTIN_BSWAP32 0
| #define BX_HAVE___BUILTIN_BSWAP64 0
| #define BX_HAVE_TMPFILE64 0
| #define BX_HAVE_FSEEK64 0
| #define BX_HAVE_FSEEKO64 0
| #define BX_HAVE_SSIZE_T 0
| #define BX_HAVE_SETENV 0
| #define SIZEOF_INT_P 8
| #define HAVE_SLEEP 1
| #define BX_HAVE_SLEEP 1
| #define HAVE_NANOSLEEP 1
| #define BX_HAVE_NANOSLEEP 1
| #define HAVE_ABORT 1
| #define BX_HAVE_ABORT 1
| /* end confdefs.h.  */
| #include <sys/socket.h>
| #include <netinet/in.h>
| 
| int
| main ()
| {
| static struct sockaddr_in ac_aggr;
| if (ac_aggr.sin_len)
| return 0;
|   ;
|   return 0;
| }
configure:21001: gcc -c -g -O2  conftest.c >&5
conftest.c:40: warning: "BX_HAVE_SETENV" redefined
   40 | #define BX_HAVE_SETENV 0
      | 
conftest.c:17: note: this is the location of the previous definition
   17 | #define BX_HAVE_SETENV 1
      | 
conftest.c: In function 'main':
conftest.c:56:19: error: 'struct sockaddr_in' has no member named 'sin_len'
   56 | if (sizeof ac_aggr.sin_len)
      |                   ^
configure:21001: $? = 1
configure: failed program was:
| /* confdefs.h */
| #define PACKAGE_NAME ""
| #define PACKAGE_TARNAME ""
| #define PACKAGE_VERSION ""
| #define PACKAGE_STRING ""
| #define PACKAGE_BUGREPORT ""
| #define PACKAGE_URL ""
| #define MSVC_TARGET 64
| #define SIZEOF_UNSIGNED_CHAR 1
| #define SIZEOF_UNSIGNED_SHORT 2
| #define SIZEOF_UNSIGNED_INT 4
| #define SIZEOF_UNSIGNED_LONG 8
| #define SIZEOF_UNSIGNED_LONG_LONG 8
| #define HAVE_GETENV 1
| #define BX_HAVE_GETENV 1
| #define HAVE_SETENV 1
| #define BX_HAVE_SETENV 1
| #define HAVE_SNPRINTF 1
| #define BX_HAVE_SNPRINTF 1
| #define HAVE_VSNPRINTF 1
| #define BX_HAVE_VSNPRINTF 1
| #define BX_HAVE_SELECT 1
| #define BX_HAVE_SOCKLEN_T 0
| #define BX_HAVE_STRTOULL 1
| #define BX_HAVE_STRTOUQ 0
| #define BX_HAVE_STRDUP 1
| #define BX_HAVE_STRREV 1
| #define BX_HAVE_STRICMP 1
| #define BX_HAVE_STRCASECMP 0
| #define BX_HAVE_MKSTEMP 0
| #define BX_HAVE_SYS_MMAN_H 0
| #define BX_HAVE_GETTIMEOFDAY 0
| #define BX_HAVE_USLEEP 0
| #define BX_HAVE___BUILTIN_BSWAP32 0
| #define BX_HAVE___BUILTIN_BSWAP64 0
| #define BX_HAVE_TMPFILE64 0
| #define BX_HAVE_FSEEK64 0
| #define BX_HAVE_FSEEKO64 0
| #define BX_HAVE_SSIZE_T 0
| #define BX_HAVE_SETENV 0
| #define SIZEOF_INT_P 8
| #define HAVE_SLEEP 1
| #define BX_HAVE_SLEEP 1
| #define HAVE_NANOSLEEP 1
| #define BX_HAVE_NANOSLEEP 1
| #define HAVE_ABORT 1
| #define BX_HAVE_ABORT 1
| /* end confdefs.h.  */
| #include <sys/socket.h>
| #include <netinet/in.h>
| 
| int
| main ()
| {
| static struct sockaddr_in ac_aggr;
| if (sizeof ac_aggr.sin_len)
| return 0;
|   ;
|   return 0;
| }
configure:21001: result: no
configure:21011: checking for timelocal
configure:21011: gcc -o conftest.exe -g -O2   conftest.c  >&5
conftest.c:40: warning: "BX_HAVE_SETENV" redefined
   40 | #define BX_HAVE_SETENV 0
      | 
conftest.c:17: note: this is the location of the previous definition
   17 | #define BX_HAVE_SETENV 1
      | 
configure:21011: $? = 0
configure:21011: result: yes
configure:21023: checking for gmtime
configure:21023: gcc -o conftest.exe -g -O2   conftest.c  >&5
conftest.c:40: warning: "BX_HAVE_SETENV" redefined
   40 | #define BX_HAVE_SETENV 0
      | 
conftest.c:17: note: this is the location of the previous definition
   17 | #define BX_HAVE_SETENV 1
      | 
configure:21023: $? = 0
configure:21023: result: yes
configure:21035: checking for mktime
configure:21035: gcc -o conftest.exe -g -O2   conftest.c  >&5
conftest.c:40: warning: "BX_HAVE_SETENV" redefined
   40 | #define BX_HAVE_SETENV 0
      | 
conftest.c:17: note: this is the location of the previous definition
   17 | #define BX_HAVE_SETENV 1
      | 
configure:21035: $? = 0
configure:21035: result: yes
configure:21054: checking for _FILE_OFFSET_BITS value needed for large files
configure:21075: gcc -c -g -O2  conftest.c >&5
conftest.c:40: warning: "BX_HAVE_SETENV" redefined
   40 | #define BX_HAVE_SETENV 0
      | 
conftest.c:17: note: this is the location of the previous definition
   17 | #define BX_HAVE_SETENV 1
      | 
configure:21075: $? = 0
configure:21084: result: 64
configure:21140: checking if large file support is available
configure:21146: result: yes
configure:21165: checking if compiler allows __attribute__
configure:21178: gcc -c -g -O2 -D_FILE_OFFSET_BITS=64 -D_LARGE_FILES  -D_FILE_OFFSET_BITS=64 -D_LARGE_FILES conftest.c >&5
conftest.c:40: warning: "BX_HAVE_SETENV" redefined
   40 | #define BX_HAVE_SETENV 0
      | 
conftest.c:17: note: this is the location of the previous definition
   17 | #define BX_HAVE_SETENV 1
      | 
configure:21178: $? = 0
configure:21179: result: yes
configure:21198: checking for set
configure:21211: g++ -c -g -O2 -D_FILE_OFFSET_BITS=64 -D_LARGE_FILES  -D_FILE_OFFSET_BITS=64 -D_LARGE_FILES conftest.cpp >&5
conftest.cpp:40: warning: "BX_HAVE_SETENV" redefined
   40 | #define BX_HAVE_SETENV 0
      | 
conftest.cpp:17: note: this is the location of the previous definition
   17 | #define BX_HAVE_SETENV 1
      | 
configure:21211: $? = 0
configure:21213: result: yes
configure:21223: checking for set.h
configure:21236: g++ -c -g -O2 -D_FILE_OFFSET_BITS=64 -D_LARGE_FILES  -D_FILE_OFFSET_BITS=64 -D_LARGE_FILES conftest.cpp >&5
conftest.cpp:40: warning: "BX_HAVE_SETENV" redefined
   40 | #define BX_HAVE_SETENV 0
      | 
conftest.cpp:17: note: this is the location of the previous definition
   17 | #define BX_HAVE_SETENV 1
      | 
conftest.cpp:58:10: fatal error: set.h: No such file or directory
   58 | #include <set.h>
      |          ^~~~~~~
compilation terminated.
configure:21236: $? = 1
configure: failed program was:
| /* confdefs.h */
| #define PACKAGE_NAME ""
| #define PACKAGE_TARNAME ""
| #define PACKAGE_VERSION ""
| #define PACKAGE_STRING ""
| #define PACKAGE_BUGREPORT ""
| #define PACKAGE_URL ""
| #define MSVC_TARGET 64
| #define SIZEOF_UNSIGNED_CHAR 1
| #define SIZEOF_UNSIGNED_SHORT 2
| #define SIZEOF_UNSIGNED_INT 4
| #define SIZEOF_UNSIGNED_LONG 8
| #define SIZEOF_UNSIGNED_LONG_LONG 8
| #define HAVE_GETENV 1
| #define BX_HAVE_GETENV 1
| #define HAVE_SETENV 1
| #define BX_HAVE_SETENV 1
| #define HAVE_SNPRINTF 1
| #define BX_HAVE_SNPRINTF 1
| #define HAVE_VSNPRINTF 1
| #define BX_HAVE_VSNPRINTF 1
| #define BX_HAVE_SELECT 1
| #define BX_HAVE_SOCKLEN_T 0
| #define BX_HAVE_STRTOULL 1
| #define BX_HAVE_STRTOUQ 0
| #define BX_HAVE_STRDUP 1
| #define BX_HAVE_STRREV 1
| #define BX_HAVE_STRICMP 1
| #define BX_HAVE_STRCASECMP 0
| #define BX_HAVE_MKSTEMP 0
| #define BX_HAVE_SYS_MMAN_H 0
| #define BX_HAVE_GETTIMEOFDAY 0
| #define BX_HAVE_USLEEP 0
| #define BX_HAVE___BUILTIN_BSWAP32 0
| #define BX_HAVE___BUILTIN_BSWAP64 0
| #define BX_HAVE_TMPFILE64 0
| #define BX_HAVE_FSEEK64 0
| #define BX_HAVE_FSEEKO64 0
| #define BX_HAVE_SSIZE_T 0
| #define BX_HAVE_SETENV 0
| #define SIZEOF_INT_P 8
| #define HAVE_SLEEP 1
| #define BX_HAVE_SLEEP 1
| #define HAVE_NANOSLEEP 1
| #define BX_HAVE_NANOSLEEP 1
| #define HAVE_ABORT 1
| #define BX_HAVE_ABORT 1
| #define HAVE_TIMELOCAL 1
| #define BX_HAVE_TIMELOCAL 1
| #define HAVE_GMTIME 1
| #define BX_HAVE_GMTIME 1
| #define HAVE_MKTIME 1
| #define BX_HAVE_MKTIME 1
| #define _FILE_OFFSET_BITS 64
| #define HAVE_LARGEFILE_SUPPORT 1
| #define BX_HAVE_SET 1
| /* end confdefs.h.  */
| #include <set.h>
| int
| main ()
| {
| 
|   ;
|   return 0;
| }
configure:21244: result: no
configure:21248: checking for map
configure:21261: g++ -c -g -O2 -D_FILE_OFFSET_BITS=64 -D_LARGE_FILES  -D_FILE_OFFSET_BITS=64 -D_LARGE_FILES conftest.cpp >&5
conftest.cpp:40: warning: "BX_HAVE_SETENV" redefined
   40 | #define BX_HAVE_SETENV 0
      | 
conftest.cpp:17: note: this is the location of the previous definition
   17 | #define BX_HAVE_SETENV 1
      | 
configure:21261: $? = 0
configure:21263: result: yes
configure:21273: checking for map.h
configure:21286: g++ -c -g -O2 -D_FILE_OFFSET_BITS=64 -D_LARGE_FILES  -D_FILE_OFFSET_BITS=64 -D_LARGE_FILES conftest.cpp >&5
conftest.cpp:40: warning: "BX_HAVE_SETENV" redefined
   40 | #define BX_HAVE_SETENV 0
      | 
conftest.cpp:17: note: this is the location of the previous definition
   17 | #define BX_HAVE_SETENV 1
      | 
conftest.cpp:59:10: fatal error: map.h: No such file or directory
   59 | #include <map.h>
      |          ^~~~~~~
compilation terminated.
configure:21286: $? = 1
configure: failed program was:
| /* confdefs.h */
| #define PACKAGE_NAME ""
| #define PACKAGE_TARNAME ""
| #define PACKAGE_VERSION ""
| #define PACKAGE_STRING ""
| #define PACKAGE_BUGREPORT ""
| #define PACKAGE_URL ""
| #define MSVC_TARGET 64
| #define SIZEOF_UNSIGNED_CHAR 1
| #define SIZEOF_UNSIGNED_SHORT 2
| #define SIZEOF_UNSIGNED_INT 4
| #define SIZEOF_UNSIGNED_LONG 8
| #define SIZEOF_UNSIGNED_LONG_LONG 8
| #define HAVE_GETENV 1
| #define BX_HAVE_GETENV 1
| #define HAVE_SETENV 1
| #define BX_HAVE_SETENV 1
| #define HAVE_SNPRINTF 1
| #define BX_HAVE_SNPRINTF 1
| #define HAVE_VSNPRINTF 1
| #define BX_HAVE_VSNPRINTF 1
| #define BX_HAVE_SELECT 1
| #define BX_HAVE_SOCKLEN_T 0
| #define BX_HAVE_STRTOULL 1
| #define BX_HAVE_STRTOUQ 0
| #define BX_HAVE_STRDUP 1
| #define BX_HAVE_STRREV 1
| #define BX_HAVE_STRICMP 1
| #define BX_HAVE_STRCASECMP 0
| #define BX_HAVE_MKSTEMP 0
| #define BX_HAVE_SYS_MMAN_H 0
| #define BX_HAVE_GETTIMEOFDAY 0
| #define BX_HAVE_USLEEP 0
| #define BX_HAVE___BUILTIN_BSWAP32 0
| #define BX_HAVE___BUILTIN_BSWAP64 0
| #define BX_HAVE_TMPFILE64 0
| #define BX_HAVE_FSEEK64 0
| #define BX_HAVE_FSEEKO64 0
| #define BX_HAVE_SSIZE_T 0
| #define BX_HAVE_SETENV 0
| #define SIZEOF_INT_P 8
| #define HAVE_SLEEP 1
| #define BX_HAVE_SLEEP 1
| #define HAVE_NANOSLEEP 1
| #define BX_HAVE_NANOSLEEP 1
| #define HAVE_ABORT 1
| #define BX_HAVE_ABORT 1
| #define HAVE_TIMELOCAL 1
| #define BX_HAVE_TIMELOCAL 1
| #define HAVE_GMTIME 1
| #define BX_HAVE_GMTIME 1
| #define HAVE_MKTIME 1
| #define BX_HAVE_MKTIME 1
| #define _FILE_OFFSET_BITS 64
| #define HAVE_LARGEFILE_SUPPORT 1
| #define BX_HAVE_SET 1
| #define BX_HAVE_MAP 1
| /* end confdefs.h.  */
| #include <map.h>
| int
| main ()
| {
| 
|   ;
|   return 0;
| }
configure:21294: result: no
configure:21588: checking for idle hack
configure:21605: result: no
configure:21615: checking dlfcn.h usability
configure:21615: gcc -c -g -O2 -D_FILE_OFFSET_BITS=64 -D_LARGE_FILES  -D_FILE_OFFSET_BITS=64 -D_LARGE_FILES conftest.c >&5
conftest.c:40: warning: "BX_HAVE_SETENV" redefined
   40 | #define BX_HAVE_SETENV 0
      | 
conftest.c:17: note: this is the location of the previous definition
   17 | #define BX_HAVE_SETENV 1
      | 
configure:21615: $? = 0
configure:21615: result: yes
configure:21615: checking dlfcn.h presence
configure:21615:   -D_FILE_OFFSET_BITS=64 -D_LARGE_FILES conftest.c
./configure: line 2054: -D_FILE_OFFSET_BITS=64: command not found
configure:21615: $? = 127
configure: failed program was:
| /* confdefs.h */
| #define PACKAGE_NAME ""
| #define PACKAGE_TARNAME ""
| #define PACKAGE_VERSION ""
| #define PACKAGE_STRING ""
| #define PACKAGE_BUGREPORT ""
| #define PACKAGE_URL ""
| #define MSVC_TARGET 64
| #define SIZEOF_UNSIGNED_CHAR 1
| #define SIZEOF_UNSIGNED_SHORT 2
| #define SIZEOF_UNSIGNED_INT 4
| #define SIZEOF_UNSIGNED_LONG 8
| #define SIZEOF_UNSIGNED_LONG_LONG 8
| #define HAVE_GETENV 1
| #define BX_HAVE_GETENV 1
| #define HAVE_SETENV 1
| #define BX_HAVE_SETENV 1
| #define HAVE_SNPRINTF 1
| #define BX_HAVE_SNPRINTF 1
| #define HAVE_VSNPRINTF 1
| #define BX_HAVE_VSNPRINTF 1
| #define BX_HAVE_SELECT 1
| #define BX_HAVE_SOCKLEN_T 0
| #define BX_HAVE_STRTOULL 1
| #define BX_HAVE_STRTOUQ 0
| #define BX_HAVE_STRDUP 1
| #define BX_HAVE_STRREV 1
| #define BX_HAVE_STRICMP 1
| #define BX_HAVE_STRCASECMP 0
| #define BX_HAVE_MKSTEMP 0
| #define BX_HAVE_SYS_MMAN_H 0
| #define BX_HAVE_GETTIMEOFDAY 0
| #define BX_HAVE_USLEEP 0
| #define BX_HAVE___BUILTIN_BSWAP32 0
| #define BX_HAVE___BUILTIN_BSWAP64 0
| #define BX_HAVE_TMPFILE64 0
| #define BX_HAVE_FSEEK64 0
| #define BX_HAVE_FSEEKO64 0
| #define BX_HAVE_SSIZE_T 0
| #define BX_HAVE_SETENV 0
| #define SIZEOF_INT_P 8
| #define HAVE_SLEEP 1
| #define BX_HAVE_SLEEP 1
| #define HAVE_NANOSLEEP 1
| #define BX_HAVE_NANOSLEEP 1
| #define HAVE_ABORT 1
| #define BX_HAVE_ABORT 1
| #define HAVE_TIMELOCAL 1
| #define BX_HAVE_TIMELOCAL 1
| #define HAVE_GMTIME 1
| #define BX_HAVE_GMTIME 1
| #define HAVE_MKTIME 1
| #define BX_HAVE_MKTIME 1
| #define _FILE_OFFSET_BITS 64
| #define HAVE_LARGEFILE_SUPPORT 1
| #define BX_HAVE_SET 1
| #define BX_HAVE_MAP 1
| #define BX_USE_IDLE_HACK 0
| /* end confdefs.h.  */
| #include <dlfcn.h>
configure:21615: result: no
configure:21615: WARNING: dlfcn.h: accepted by the compiler, rejected by the preprocessor!
configure:21615: WARNING: dlfcn.h: proceeding with the compiler's result
configure:21615: checking for dlfcn.h
configure:21615: result: yes
configure:21622: checking assert.h usability
configure:21622: gcc -c -g -O2 -D_FILE_OFFSET_BITS=64 -D_LARGE_FILES  -D_FILE_OFFSET_BITS=64 -D_LARGE_FILES conftest.c >&5
conftest.c:40: warning: "BX_HAVE_SETENV" redefined
   40 | #define BX_HAVE_SETENV 0
      | 
conftest.c:17: note: this is the location of the previous definition
   17 | #define BX_HAVE_SETENV 1
      | 
configure:21622: $? = 0
configure:21622: result: yes
configure:21622: checking assert.h presence
configure:21622:   -D_FILE_OFFSET_BITS=64 -D_LARGE_FILES conftest.c
./configure: line 2054: -D_FILE_OFFSET_BITS=64: command not found
configure:21622: $? = 127
configure: failed program was:
| /* confdefs.h */
| #define PACKAGE_NAME ""
| #define PACKAGE_TARNAME ""
| #define PACKAGE_VERSION ""
| #define PACKAGE_STRING ""
| #define PACKAGE_BUGREPORT ""
| #define PACKAGE_URL ""
| #define MSVC_TARGET 64
| #define SIZEOF_UNSIGNED_CHAR 1
| #define SIZEOF_UNSIGNED_SHORT 2
| #define SIZEOF_UNSIGNED_INT 4
| #define SIZEOF_UNSIGNED_LONG 8
| #define SIZEOF_UNSIGNED_LONG_LONG 8
| #define HAVE_GETENV 1
| #define BX_HAVE_GETENV 1
| #define HAVE_SETENV 1
| #define BX_HAVE_SETENV 1
| #define HAVE_SNPRINTF 1
| #define BX_HAVE_SNPRINTF 1
| #define HAVE_VSNPRINTF 1
| #define BX_HAVE_VSNPRINTF 1
| #define BX_HAVE_SELECT 1
| #define BX_HAVE_SOCKLEN_T 0
| #define BX_HAVE_STRTOULL 1
| #define BX_HAVE_STRTOUQ 0
| #define BX_HAVE_STRDUP 1
| #define BX_HAVE_STRREV 1
| #define BX_HAVE_STRICMP 1
| #define BX_HAVE_STRCASECMP 0
| #define BX_HAVE_MKSTEMP 0
| #define BX_HAVE_SYS_MMAN_H 0
| #define BX_HAVE_GETTIMEOFDAY 0
| #define BX_HAVE_USLEEP 0
| #define BX_HAVE___BUILTIN_BSWAP32 0
| #define BX_HAVE___BUILTIN_BSWAP64 0
| #define BX_HAVE_TMPFILE64 0
| #define BX_HAVE_FSEEK64 0
| #define BX_HAVE_FSEEKO64 0
| #define BX_HAVE_SSIZE_T 0
| #define BX_HAVE_SETENV 0
| #define SIZEOF_INT_P 8
| #define HAVE_SLEEP 1
| #define BX_HAVE_SLEEP 1
| #define HAVE_NANOSLEEP 1
| #define BX_HAVE_NANOSLEEP 1
| #define HAVE_ABORT 1
| #define BX_HAVE_ABORT 1
| #define HAVE_TIMELOCAL 1
| #define BX_HAVE_TIMELOCAL 1
| #define HAVE_GMTIME 1
| #define BX_HAVE_GMTIME 1
| #define HAVE_MKTIME 1
| #define BX_HAVE_MKTIME 1
| #define _FILE_OFFSET_BITS 64
| #define HAVE_LARGEFILE_SUPPORT 1
| #define BX_HAVE_SET 1
| #define BX_HAVE_MAP 1
| #define BX_USE_IDLE_HACK 0
| #define BX_HAVE_DLFCN_H 1
| /* end confdefs.h.  */
| #include <assert.h>
configure:21622: result: no
configure:21622: WARNING: assert.h: accepted by the compiler, rejected by the preprocessor!
configure:21622: WARNING: assert.h: proceeding with the compiler's result
configure:21622: checking for assert.h
configure:21622: result: yes
configure:21630: checking for plugins support
configure:21723: result: no
configure:21797: checking if compiler allows LL for 64-bit constants
configure:21810: gcc -c -g -O2 -D_FILE_OFFSET_BITS=64 -D_LARGE_FILES  -D_FILE_OFFSET_BITS=64 -D_LARGE_FILES conftest.c >&5
conftest.c:40: warning: "BX_HAVE_SETENV" redefined
   40 | #define BX_HAVE_SETENV 0
      | 
conftest.c:17: note: this is the location of the previous definition
   17 | #define BX_HAVE_SETENV 1
      | 
configure:21810: $? = 0
configure:21811: result: yes
configure:21823: checking for A20 support
configure:21841: result: yes
configure:21851: checking for x86-64 support
configure:21856: result: yes
configure:21884: checking for SMP support
configure:21889: result: yes
configure:21914: checking for cpu level
configure:21938: result: 6
configure:21971: checking for larger than 32 bit physical address emulation
configure:21990: result: yes
configure:22005: checking for large ramfile support
configure:22022: result: yes
configure:22032: checking for repeated IO and mem copy speedups
configure:22047: result: no
configure:22055: checking for gcc / MSVC nmake fast function calls optimization
configure:22070: result: no
configure:22078: checking for handlers chaining speedups
configure:22093: result: no
configure:22101: checking for trace linking speedups support
configure:22116: result: no
configure:22124: checking support for configurable MSR registers
configure:22142: result: yes
configure:22157: checking show IPS
configure:22162: result: yes
configure:22183: checking for use of .cpp as suffix
configure:22200: result: no
configure:22228: checking for Bochs internal debugger support
configure:22233: result: yes
configure:22241: checking for flex
configure:22259: found /usr/bin/flex
configure:22272: result: /usr/bin/flex
configure:22282: checking for yacc
configure:22300: found /usr/bin/yacc
configure:22313: result: /usr/bin/yacc
configure:22321: checking whether to generate parser / lexer files
configure:22325: result: no
configure:22356: checking enable Bochs internal debugger GUI
configure:22361: result: yes
configure:22390: checking for gdb stub enable
configure:22415: result: no
configure:22427: checking for I/O Interface to the debugger
configure:22449: result: yes
configure:22465: checking for ALL optimizations enabled
configure:22470: result: yes
configure:22548: checking whether user wants readline
configure:22563: result: yes
configure:22572: checking whether to use readline
configure:22577: checking if readline works without -lcurses
configure:22595: gcc -o conftest.exe -g -O2 -D_FILE_OFFSET_BITS=64 -D_LARGE_FILES  -D_FILE_OFFSET_BITS=64 -D_LARGE_FILES  conftest.c  -lreadline >&5
conftest.c:40: warning: "BX_HAVE_SETENV" redefined
   40 | #define BX_HAVE_SETENV 0
      | 
conftest.c:17: note: this is the location of the previous definition
   17 | #define BX_HAVE_SETENV 1
      | 
conftest.c:81:16: fatal error: readline/readline.h: No such file or directory
   81 |       #include <readline/readline.h>
      |                ^~~~~~~~~~~~~~~~~~~~~
compilation terminated.
configure:22595: $? = 1
configure: program exited with status 1
configure: failed program was:
| /* confdefs.h */
| #define PACKAGE_NAME ""
| #define PACKAGE_TARNAME ""
| #define PACKAGE_VERSION ""
| #define PACKAGE_STRING ""
| #define PACKAGE_BUGREPORT ""
| #define PACKAGE_URL ""
| #define MSVC_TARGET 64
| #define SIZEOF_UNSIGNED_CHAR 1
| #define SIZEOF_UNSIGNED_SHORT 2
| #define SIZEOF_UNSIGNED_INT 4
| #define SIZEOF_UNSIGNED_LONG 8
| #define SIZEOF_UNSIGNED_LONG_LONG 8
| #define HAVE_GETENV 1
| #define BX_HAVE_GETENV 1
| #define HAVE_SETENV 1
| #define BX_HAVE_SETENV 1
| #define HAVE_SNPRINTF 1
| #define BX_HAVE_SNPRINTF 1
| #define HAVE_VSNPRINTF 1
| #define BX_HAVE_VSNPRINTF 1
| #define BX_HAVE_SELECT 1
| #define BX_HAVE_SOCKLEN_T 0
| #define BX_HAVE_STRTOULL 1
| #define BX_HAVE_STRTOUQ 0
| #define BX_HAVE_STRDUP 1
| #define BX_HAVE_STRREV 1
| #define BX_HAVE_STRICMP 1
| #define BX_HAVE_STRCASECMP 0
| #define BX_HAVE_MKSTEMP 0
| #define BX_HAVE_SYS_MMAN_H 0
| #define BX_HAVE_GETTIMEOFDAY 0
| #define BX_HAVE_USLEEP 0
| #define BX_HAVE___BUILTIN_BSWAP32 0
| #define BX_HAVE___BUILTIN_BSWAP64 0
| #define BX_HAVE_TMPFILE64 0
| #define BX_HAVE_FSEEK64 0
| #define BX_HAVE_FSEEKO64 0
| #define BX_HAVE_SSIZE_T 0
| #define BX_HAVE_SETENV 0
| #define SIZEOF_INT_P 8
| #define HAVE_SLEEP 1
| #define BX_HAVE_SLEEP 1
| #define HAVE_NANOSLEEP 1
| #define BX_HAVE_NANOSLEEP 1
| #define HAVE_ABORT 1
| #define BX_HAVE_ABORT 1
| #define HAVE_TIMELOCAL 1
| #define BX_HAVE_TIMELOCAL 1
| #define HAVE_GMTIME 1
| #define BX_HAVE_GMTIME 1
| #define HAVE_MKTIME 1
| #define BX_HAVE_MKTIME 1
| #define _FILE_OFFSET_BITS 64
| #define HAVE_LARGEFILE_SUPPORT 1
| #define BX_HAVE_SET 1
| #define BX_HAVE_MAP 1
| #define BX_USE_IDLE_HACK 0
| #define BX_HAVE_DLFCN_H 1
| #define HAVE_ASSERT_H 1
| #define BX_PLUGINS 0
| #define BX_SUPPORT_A20 1
| #define BX_SUPPORT_X86_64 1
| #define BX_SUPPORT_SMP 1
| #define BX_USE_CPU_SMF 0
| #define BX_CPU_LEVEL 6
| #define BX_PHY_ADDRESS_LONG 1
| #define BX_LARGE_RAMFILE 1
| #define BX_CONFIGURE_MSRS 1
| #define BX_SHOW_IPS 1
| #define BX_DEBUGGER 1
| #define BX_GDBSTUB 0
| #define BX_SUPPORT_IODEBUG 1
| #define BX_SUPPORT_REPEAT_SPEEDUPS 1
| #define BX_FAST_FUNC_CALL 1
| #define BX_SUPPORT_HANDLERS_CHAINING_SPEEDUPS 0
| #define BX_ENABLE_TRACE_LINKING 1
| /* end confdefs.h.  */
| 
|       #include <stdio.h>
|       #include <readline/readline.h>
|       int main() { rl_initialize(); exit(0); }
| 
configure:22600: result: no
configure:22608: checking if readline works with -lcurses
configure:22625: gcc -o conftest.exe -g -O2 -D_FILE_OFFSET_BITS=64 -D_LARGE_FILES  -D_FILE_OFFSET_BITS=64 -D_LARGE_FILES  conftest.c  -lreadline -lcurses >&5
conftest.c:40: warning: "BX_HAVE_SETENV" redefined
   40 | #define BX_HAVE_SETENV 0
      | 
conftest.c:17: note: this is the location of the previous definition
   17 | #define BX_HAVE_SETENV 1
      | 
conftest.c:81:16: fatal error: readline/readline.h: No such file or directory
   81 |       #include <readline/readline.h>
      |                ^~~~~~~~~~~~~~~~~~~~~
compilation terminated.
configure:22625: $? = 1
configure: program exited with status 1
configure: failed program was:
| /* confdefs.h */
| #define PACKAGE_NAME ""
| #define PACKAGE_TARNAME ""
| #define PACKAGE_VERSION ""
| #define PACKAGE_STRING ""
| #define PACKAGE_BUGREPORT ""
| #define PACKAGE_URL ""
| #define MSVC_TARGET 64
| #define SIZEOF_UNSIGNED_CHAR 1
| #define SIZEOF_UNSIGNED_SHORT 2
| #define SIZEOF_UNSIGNED_INT 4
| #define SIZEOF_UNSIGNED_LONG 8
| #define SIZEOF_UNSIGNED_LONG_LONG 8
| #define HAVE_GETENV 1
| #define BX_HAVE_GETENV 1
| #define HAVE_SETENV 1
| #define BX_HAVE_SETENV 1
| #define HAVE_SNPRINTF 1
| #define BX_HAVE_SNPRINTF 1
| #define HAVE_VSNPRINTF 1
| #define BX_HAVE_VSNPRINTF 1
| #define BX_HAVE_SELECT 1
| #define BX_HAVE_SOCKLEN_T 0
| #define BX_HAVE_STRTOULL 1
| #define BX_HAVE_STRTOUQ 0
| #define BX_HAVE_STRDUP 1
| #define BX_HAVE_STRREV 1
| #define BX_HAVE_STRICMP 1
| #define BX_HAVE_STRCASECMP 0
| #define BX_HAVE_MKSTEMP 0
| #define BX_HAVE_SYS_MMAN_H 0
| #define BX_HAVE_GETTIMEOFDAY 0
| #define BX_HAVE_USLEEP 0
| #define BX_HAVE___BUILTIN_BSWAP32 0
| #define BX_HAVE___BUILTIN_BSWAP64 0
| #define BX_HAVE_TMPFILE64 0
| #define BX_HAVE_FSEEK64 0
| #define BX_HAVE_FSEEKO64 0
| #define BX_HAVE_SSIZE_T 0
| #define BX_HAVE_SETENV 0
| #define SIZEOF_INT_P 8
| #define HAVE_SLEEP 1
| #define BX_HAVE_SLEEP 1
| #define HAVE_NANOSLEEP 1
| #define BX_HAVE_NANOSLEEP 1
| #define HAVE_ABORT 1
| #define BX_HAVE_ABORT 1
| #define HAVE_TIMELOCAL 1
| #define BX_HAVE_TIMELOCAL 1
| #define HAVE_GMTIME 1
| #define BX_HAVE_GMTIME 1
| #define HAVE_MKTIME 1
| #define BX_HAVE_MKTIME 1
| #define _FILE_OFFSET_BITS 64
| #define HAVE_LARGEFILE_SUPPORT 1
| #define BX_HAVE_SET 1
| #define BX_HAVE_MAP 1
| #define BX_USE_IDLE_HACK 0
| #define BX_HAVE_DLFCN_H 1
| #define HAVE_ASSERT_H 1
| #define BX_PLUGINS 0
| #define BX_SUPPORT_A20 1
| #define BX_SUPPORT_X86_64 1
| #define BX_SUPPORT_SMP 1
| #define BX_USE_CPU_SMF 0
| #define BX_CPU_LEVEL 6
| #define BX_PHY_ADDRESS_LONG 1
| #define BX_LARGE_RAMFILE 1
| #define BX_CONFIGURE_MSRS 1
| #define BX_SHOW_IPS 1
| #define BX_DEBUGGER 1
| #define BX_GDBSTUB 0
| #define BX_SUPPORT_IODEBUG 1
| #define BX_SUPPORT_REPEAT_SPEEDUPS 1
| #define BX_FAST_FUNC_CALL 1
| #define BX_SUPPORT_HANDLERS_CHAINING_SPEEDUPS 0
| #define BX_ENABLE_TRACE_LINKING 1
| /* end confdefs.h.  */
| 
|       #include <stdio.h>
|       #include <readline/readline.h>
|       int main() { rl_initialize(); exit(0); }
| 
configure:22630: result: no
configure:22655: result: no
configure:22669: checking readline/history.h usability
configure:22669: gcc -c -g -O2 -D_FILE_OFFSET_BITS=64 -D_LARGE_FILES  -D_FILE_OFFSET_BITS=64 -D_LARGE_FILES conftest.c >&5
conftest.c:40: warning: "BX_HAVE_SETENV" redefined
   40 | #define BX_HAVE_SETENV 0
      | 
conftest.c:17: note: this is the location of the previous definition
   17 | #define BX_HAVE_SETENV 1
      | 
conftest.c:112:10: fatal error: readline/history.h: No such file or directory
  112 | #include <readline/history.h>
      |          ^~~~~~~~~~~~~~~~~~~~
compilation terminated.
configure:22669: $? = 1
configure: failed program was:
| /* confdefs.h */
| #define PACKAGE_NAME ""
| #define PACKAGE_TARNAME ""
| #define PACKAGE_VERSION ""
| #define PACKAGE_STRING ""
| #define PACKAGE_BUGREPORT ""
| #define PACKAGE_URL ""
| #define MSVC_TARGET 64
| #define SIZEOF_UNSIGNED_CHAR 1
| #define SIZEOF_UNSIGNED_SHORT 2
| #define SIZEOF_UNSIGNED_INT 4
| #define SIZEOF_UNSIGNED_LONG 8
| #define SIZEOF_UNSIGNED_LONG_LONG 8
| #define HAVE_GETENV 1
| #define BX_HAVE_GETENV 1
| #define HAVE_SETENV 1
| #define BX_HAVE_SETENV 1
| #define HAVE_SNPRINTF 1
| #define BX_HAVE_SNPRINTF 1
| #define HAVE_VSNPRINTF 1
| #define BX_HAVE_VSNPRINTF 1
| #define BX_HAVE_SELECT 1
| #define BX_HAVE_SOCKLEN_T 0
| #define BX_HAVE_STRTOULL 1
| #define BX_HAVE_STRTOUQ 0
| #define BX_HAVE_STRDUP 1
| #define BX_HAVE_STRREV 1
| #define BX_HAVE_STRICMP 1
| #define BX_HAVE_STRCASECMP 0
| #define BX_HAVE_MKSTEMP 0
| #define BX_HAVE_SYS_MMAN_H 0
| #define BX_HAVE_GETTIMEOFDAY 0
| #define BX_HAVE_USLEEP 0
| #define BX_HAVE___BUILTIN_BSWAP32 0
| #define BX_HAVE___BUILTIN_BSWAP64 0
| #define BX_HAVE_TMPFILE64 0
| #define BX_HAVE_FSEEK64 0
| #define BX_HAVE_FSEEKO64 0
| #define BX_HAVE_SSIZE_T 0
| #define BX_HAVE_SETENV 0
| #define SIZEOF_INT_P 8
| #define HAVE_SLEEP 1
| #define BX_HAVE_SLEEP 1
| #define HAVE_NANOSLEEP 1
| #define BX_HAVE_NANOSLEEP 1
| #define HAVE_ABORT 1
| #define BX_HAVE_ABORT 1
| #define HAVE_TIMELOCAL 1
| #define BX_HAVE_TIMELOCAL 1
| #define HAVE_GMTIME 1
| #define BX_HAVE_GMTIME 1
| #define HAVE_MKTIME 1
| #define BX_HAVE_MKTIME 1
| #define _FILE_OFFSET_BITS 64
| #define HAVE_LARGEFILE_SUPPORT 1
| #define BX_HAVE_SET 1
| #define BX_HAVE_MAP 1
| #define BX_USE_IDLE_HACK 0
| #define BX_HAVE_DLFCN_H 1
| #define HAVE_ASSERT_H 1
| #define BX_PLUGINS 0
| #define BX_SUPPORT_A20 1
| #define BX_SUPPORT_X86_64 1
| #define BX_SUPPORT_SMP 1
| #define BX_USE_CPU_SMF 0
| #define BX_CPU_LEVEL 6
| #define BX_PHY_ADDRESS_LONG 1
| #define BX_LARGE_RAMFILE 1
| #define BX_CONFIGURE_MSRS 1
| #define BX_SHOW_IPS 1
| #define BX_DEBUGGER 1
| #define BX_GDBSTUB 0
| #define BX_SUPPORT_IODEBUG 1
| #define BX_SUPPORT_REPEAT_SPEEDUPS 1
| #define BX_FAST_FUNC_CALL 1
| #define BX_SUPPORT_HANDLERS_CHAINING_SPEEDUPS 0
| #define BX_ENABLE_TRACE_LINKING 1
| /* end confdefs.h.  */
| #include <stdio.h>
| #ifdef HAVE_SYS_TYPES_H
| # include <sys/types.h>
| #endif
| #ifdef HAVE_SYS_STAT_H
| # include <sys/stat.h>
| #endif
| #ifdef STDC_HEADERS
| # include <stdlib.h>
| # include <stddef.h>
| #else
| # ifdef HAVE_STDLIB_H
| #  include <stdlib.h>
| # endif
| #endif
| #ifdef HAVE_STRING_H
| # if !defined STDC_HEADERS && defined HAVE_MEMORY_H
| #  include <memory.h>
| # endif
| # include <string.h>
| #endif
| #ifdef HAVE_STRINGS_H
| # include <strings.h>
| #endif
| #ifdef HAVE_INTTYPES_H
| # include <inttypes.h>
| #endif
| #ifdef HAVE_STDINT_H
| # include <stdint.h>
| #endif
| #ifdef HAVE_UNISTD_H
| # include <unistd.h>
| #endif
| #include <readline/history.h>
configure:22669: result: no
configure:22669: checking readline/history.h presence
configure:22669:   -D_FILE_OFFSET_BITS=64 -D_LARGE_FILES conftest.c
./configure: line 2054: -D_FILE_OFFSET_BITS=64: command not found
configure:22669: $? = 127
configure: failed program was:
| /* confdefs.h */
| #define PACKAGE_NAME ""
| #define PACKAGE_TARNAME ""
| #define PACKAGE_VERSION ""
| #define PACKAGE_STRING ""
| #define PACKAGE_BUGREPORT ""
| #define PACKAGE_URL ""
| #define MSVC_TARGET 64
| #define SIZEOF_UNSIGNED_CHAR 1
| #define SIZEOF_UNSIGNED_SHORT 2
| #define SIZEOF_UNSIGNED_INT 4
| #define SIZEOF_UNSIGNED_LONG 8
| #define SIZEOF_UNSIGNED_LONG_LONG 8
| #define HAVE_GETENV 1
| #define BX_HAVE_GETENV 1
| #define HAVE_SETENV 1
| #define BX_HAVE_SETENV 1
| #define HAVE_SNPRINTF 1
| #define BX_HAVE_SNPRINTF 1
| #define HAVE_VSNPRINTF 1
| #define BX_HAVE_VSNPRINTF 1
| #define BX_HAVE_SELECT 1
| #define BX_HAVE_SOCKLEN_T 0
| #define BX_HAVE_STRTOULL 1
| #define BX_HAVE_STRTOUQ 0
| #define BX_HAVE_STRDUP 1
| #define BX_HAVE_STRREV 1
| #define BX_HAVE_STRICMP 1
| #define BX_HAVE_STRCASECMP 0
| #define BX_HAVE_MKSTEMP 0
| #define BX_HAVE_SYS_MMAN_H 0
| #define BX_HAVE_GETTIMEOFDAY 0
| #define BX_HAVE_USLEEP 0
| #define BX_HAVE___BUILTIN_BSWAP32 0
| #define BX_HAVE___BUILTIN_BSWAP64 0
| #define BX_HAVE_TMPFILE64 0
| #define BX_HAVE_FSEEK64 0
| #define BX_HAVE_FSEEKO64 0
| #define BX_HAVE_SSIZE_T 0
| #define BX_HAVE_SETENV 0
| #define SIZEOF_INT_P 8
| #define HAVE_SLEEP 1
| #define BX_HAVE_SLEEP 1
| #define HAVE_NANOSLEEP 1
| #define BX_HAVE_NANOSLEEP 1
| #define HAVE_ABORT 1
| #define BX_HAVE_ABORT 1
| #define HAVE_TIMELOCAL 1
| #define BX_HAVE_TIMELOCAL 1
| #define HAVE_GMTIME 1
| #define BX_HAVE_GMTIME 1
| #define HAVE_MKTIME 1
| #define BX_HAVE_MKTIME 1
| #define _FILE_OFFSET_BITS 64
| #define HAVE_LARGEFILE_SUPPORT 1
| #define BX_HAVE_SET 1
| #define BX_HAVE_MAP 1
| #define BX_USE_IDLE_HACK 0
| #define BX_HAVE_DLFCN_H 1
| #define HAVE_ASSERT_H 1
| #define BX_PLUGINS 0
| #define BX_SUPPORT_A20 1
| #define BX_SUPPORT_X86_64 1
| #define BX_SUPPORT_SMP 1
| #define BX_USE_CPU_SMF 0
| #define BX_CPU_LEVEL 6
| #define BX_PHY_ADDRESS_LONG 1
| #define BX_LARGE_RAMFILE 1
| #define BX_CONFIGURE_MSRS 1
| #define BX_SHOW_IPS 1
| #define BX_DEBUGGER 1
| #define BX_GDBSTUB 0
| #define BX_SUPPORT_IODEBUG 1
| #define BX_SUPPORT_REPEAT_SPEEDUPS 1
| #define BX_FAST_FUNC_CALL 1
| #define BX_SUPPORT_HANDLERS_CHAINING_SPEEDUPS 0
| #define BX_ENABLE_TRACE_LINKING 1
| /* end confdefs.h.  */
| #include <readline/history.h>
configure:22669: result: no
configure:22669: checking for readline/history.h
configure:22669: result: no
configure:22680: checking for instrumentation support
configure:22706: result: no
configure:22718: checking enable logging
configure:22735: result: yes
configure:22744: checking enable statistics collection
configure:22761: result: yes
configure:22770: checking enable assert checks
configure:22788: result: yes
configure:22804: checking for FPU emulation
configure:22829: result: yes
configure:22841: checking for VMX support
configure:22862: result: 2
configure:22893: checking for SVM support
configure:22912: result: no
configure:22926: checking for User-Mode Protection Keys support
configure:22945: result: no
configure:22959: checking for Control Flow Enforcement Technology support
configure:22978: result: no
configure:22991: checking for 3DNow! support
configure:23009: result: no
configure:23018: checking for alignment check support
configure:23037: result: yes
configure:23052: checking for MONITOR/MWAIT instructions support (experimental)
configure:23071: result: yes
configure:23086: checking for limited hardware performance monitoring emulation support (experimental)
configure:23105: result: yes
configure:23120: checking for memory type support
configure:23138: result: no
configure:23149: checking for AVX instructions support
configure:23169: result: no
configure:23184: checking for EVEX prefix and AVX-512 extensions support
configure:23203: result: no
configure:23216: checking for x86 debugger support
configure:23234: result: no
configure:23245: checking for i440FX PCI support
configure:23250: result: yes
configure:23279: checking for PCI host device mapping support
configure:23341: result: no
configure:23354: checking for USB UHCI support
configure:23359: result: yes
configure:23384: checking for USB OHCI support
configure:23389: result: yes
configure:23413: checking for USB EHCI support
configure:23418: result: yes
configure:23442: checking for USB xHCI support
configure:23447: result: yes
configure:23485: checking for NE2000 support
configure:23490: result: yes
configure:23514: checking for PCI pseudo NIC support
configure:23534: result: no
configure:23543: checking for Intel(R) Gigabit Ethernet support
configure:23548: result: yes
configure:23718: checking for ethernet modules
configure:23720: result: null vnet slirp socket win32
configure:23742: checking for raw serial support
configure:23759: result: no
configure:23771: checking for CLGD54XX emulation
configure:23776: result: yes
configure:23799: checking for 3dfx Voodoo Graphics emulation
configure:23804: result: yes
configure:23835: checking for lowlevel CDROM support
configure:23852: result: yes
configure:23910: checking for Sound Blaster 16 support
configure:23915: result: yes
configure:23941: checking for ES1370 soundcard support
configure:23946: result: yes
configure:24105: checking for sound lowlevel modules
configure:24107: result: win
configure:24109: checking for default sound lowlevel module
configure:24111: result: win
configure:24128: checking for standard PC gameport support
configure:24157: result: yes
configure:24173: checking for Busmouse support
configure:24178: result: yes
configure:24204: checking for docbook2html
configure:24235: result: not_found
configure:24247: checking for jade
configure:24277: result: no
configure:24247: checking for openjade
configure:24277: result: no
configure:24286: checking whether to build docbook documentation
configure:24317: result: no
configure:24467: checking for wx-config
configure:24495: result: not_found
configure:24504: checking for wxWidgets configuration script
configure:24506: result: not_found
configure:24514: checking for wxWidgets library version
configure:24550: result: 
configure:24571: checking for default gui on this platform
configure:24573: result: win32
configure:24957: checking for display libraries
configure:24959: result:  rfb win32 nogui
configure:25053: checking for wget
configure:25069: found /usr/bin/wget
configure:25080: result: wget
configure:25783: checking pthread.h usability
configure:25783: cl -c /nologo /MT /W3 /DNDEBUG /DWIN32 /D_WINDOWS /D_CRT_SECURE_NO_WARNINGS /O2 /Gr /EHsc  -D_FILE_OFFSET_BITS=64 -D_LARGE_FILES conftest.c >&5
./configure: line 1933: cl: command not found
configure:25783: $? = 127
configure: failed program was:
| /* confdefs.h */
| #define PACKAGE_NAME ""
| #define PACKAGE_TARNAME ""
| #define PACKAGE_VERSION ""
| #define PACKAGE_STRING ""
| #define PACKAGE_BUGREPORT ""
| #define PACKAGE_URL ""
| #define MSVC_TARGET 64
| #define SIZEOF_UNSIGNED_CHAR 1
| #define SIZEOF_UNSIGNED_SHORT 2
| #define SIZEOF_UNSIGNED_INT 4
| #define SIZEOF_UNSIGNED_LONG 8
| #define SIZEOF_UNSIGNED_LONG_LONG 8
| #define HAVE_GETENV 1
| #define BX_HAVE_GETENV 1
| #define HAVE_SETENV 1
| #define BX_HAVE_SETENV 1
| #define HAVE_SNPRINTF 1
| #define BX_HAVE_SNPRINTF 1
| #define HAVE_VSNPRINTF 1
| #define BX_HAVE_VSNPRINTF 1
| #define BX_HAVE_SELECT 1
| #define BX_HAVE_SOCKLEN_T 0
| #define BX_HAVE_STRTOULL 1
| #define BX_HAVE_STRTOUQ 0
| #define BX_HAVE_STRDUP 1
| #define BX_HAVE_STRREV 1
| #define BX_HAVE_STRICMP 1
| #define BX_HAVE_STRCASECMP 0
| #define BX_HAVE_MKSTEMP 0
| #define BX_HAVE_SYS_MMAN_H 0
| #define BX_HAVE_GETTIMEOFDAY 0
| #define BX_HAVE_USLEEP 0
| #define BX_HAVE___BUILTIN_BSWAP32 0
| #define BX_HAVE___BUILTIN_BSWAP64 0
| #define BX_HAVE_TMPFILE64 0
| #define BX_HAVE_FSEEK64 0
| #define BX_HAVE_FSEEKO64 0
| #define BX_HAVE_SSIZE_T 0
| #define BX_HAVE_SETENV 0
| #define SIZEOF_INT_P 8
| #define HAVE_SLEEP 1
| #define BX_HAVE_SLEEP 1
| #define HAVE_NANOSLEEP 1
| #define BX_HAVE_NANOSLEEP 1
| #define HAVE_ABORT 1
| #define BX_HAVE_ABORT 1
| #define HAVE_TIMELOCAL 1
| #define BX_HAVE_TIMELOCAL 1
| #define HAVE_GMTIME 1
| #define BX_HAVE_GMTIME 1
| #define HAVE_MKTIME 1
| #define BX_HAVE_MKTIME 1
| #define _FILE_OFFSET_BITS 64
| #define HAVE_LARGEFILE_SUPPORT 1
| #define BX_HAVE_SET 1
| #define BX_HAVE_MAP 1
| #define BX_USE_IDLE_HACK 0
| #define BX_HAVE_DLFCN_H 1
| #define HAVE_ASSERT_H 1
| #define BX_PLUGINS 0
| #define BX_SUPPORT_A20 1
| #define BX_SUPPORT_X86_64 1
| #define BX_SUPPORT_SMP 1
| #define BX_USE_CPU_SMF 0
| #define BX_CPU_LEVEL 6
| #define BX_PHY_ADDRESS_LONG 1
| #define BX_LARGE_RAMFILE 1
| #define BX_CONFIGURE_MSRS 1
| #define BX_SHOW_IPS 1
| #define BX_DEBUGGER 1
| #define BX_GDBSTUB 0
| #define BX_SUPPORT_IODEBUG 1
| #define BX_SUPPORT_REPEAT_SPEEDUPS 1
| #define BX_FAST_FUNC_CALL 1
| #define BX_SUPPORT_HANDLERS_CHAINING_SPEEDUPS 0
| #define BX_ENABLE_TRACE_LINKING 1
| #define BX_INSTRUMENTATION 0
| #define BX_NO_LOGGING 0
| #define BX_ENABLE_STATISTICS 1
| #define BX_ASSERT_ENABLE 1
| #define BX_SUPPORT_FPU 1
| #define BX_SUPPORT_VMX 2
| #define BX_SUPPORT_SVM 0
| #define BX_SUPPORT_PKEYS 0
| #define BX_SUPPORT_CET 0
| #define BX_SUPPORT_3DNOW 0
| #define BX_SUPPORT_ALIGNMENT_CHECK 1
| #define BX_SUPPORT_MONITOR_MWAIT 1
| #define BX_SUPPORT_PERFMON 1
| #define BX_SUPPORT_MEMTYPE 0
| #define BX_SUPPORT_AVX 0
| #define BX_SUPPORT_EVEX 0
| #define BX_X86_DEBUGGER 0
| #define BX_SUPPORT_PCI 1
| #define BX_SUPPORT_PCIDEV 0
| #define BX_SUPPORT_USB_UHCI 1
| #define BX_SUPPORT_USB_OHCI 1
| #define BX_SUPPORT_USB_EHCI 1
| #define BX_SUPPORT_USB_XHCI 1
| #define BX_SUPPORT_NE2K 1
| #define BX_SUPPORT_PCIPNIC 0
| #define BX_SUPPORT_E1000 1
| #define BX_NETMOD_SLIRP 1
| #define BX_NETMOD_SOCKET 1
| #define BX_NETMOD_WIN32 1
| #define BX_NETWORKING 1
| #define USE_RAW_SERIAL 0
| #define BX_SUPPORT_CLGD54XX 1
| #define BX_SUPPORT_VOODOO 1
| #define LOWLEVEL_CDROM cdrom_win32_c
| #define BX_SUPPORT_CDROM 1
| #define BX_SUPPORT_SB16 1
| #define BX_SUPPORT_ES1370 1
| #define BX_SUPPORT_SOUNDLOW 1
| #define BX_HAVE_SOUND_WIN 1
| #define BX_SOUND_LOWLEVEL_NAME "win"
| #define BX_SUPPORT_GAMEPORT 1
| #define BX_SUPPORT_BUSMOUSE 1
| #define BX_WITH_RFB 1
| #define BX_WITH_WIN32 1
| #define BX_WITH_NOGUI 1
| #define BX_DEFAULT_CONFIG_INTERFACE "win32config"
| #define BX_DEFAULT_DISPLAY_LIBRARY "win32"
| #define BX_USE_TEXTCONFIG 1
| #define BX_USE_GUI_CONSOLE 1
| #define BX_64BIT_CONSTANTS_USE_LL 0
| #define BX_CPP_INLINE __forceinline
| #define BX_NO_ATTRIBUTES 1
| #define HAVE_LIBREADLINE 0
| #define HAVE_READLINE_HISTORY_H 0
| #define BX_HAVE_DLFCN_H 0
| #define BX_DEBUGGER_GUI 1
| /* end confdefs.h.  */
| #include <stdio.h>
| #ifdef HAVE_SYS_TYPES_H
| # include <sys/types.h>
| #endif
| #ifdef HAVE_SYS_STAT_H
| # include <sys/stat.h>
| #endif
| #ifdef STDC_HEADERS
| # include <stdlib.h>
| # include <stddef.h>
| #else
| # ifdef HAVE_STDLIB_H
| #  include <stdlib.h>
| # endif
| #endif
| #ifdef HAVE_STRING_H
| # if !defined STDC_HEADERS && defined HAVE_MEMORY_H
| #  include <memory.h>
| # endif
| # include <string.h>
| #endif
| #ifdef HAVE_STRINGS_H
| # include <strings.h>
| #endif
| #ifdef HAVE_INTTYPES_H
| # include <inttypes.h>
| #endif
| #ifdef HAVE_STDINT_H
| # include <stdint.h>
| #endif
| #ifdef HAVE_UNISTD_H
| # include <unistd.h>
| #endif
| #include <pthread.h>
configure:25783: result: no
configure:25783: checking pthread.h presence
configure:25783:   -D_FILE_OFFSET_BITS=64 -D_LARGE_FILES conftest.c
./configure: line 2054: -D_FILE_OFFSET_BITS=64: command not found
configure:25783: $? = 127
configure: failed program was:
| /* confdefs.h */
| #define PACKAGE_NAME ""
| #define PACKAGE_TARNAME ""
| #define PACKAGE_VERSION ""
| #define PACKAGE_STRING ""
| #define PACKAGE_BUGREPORT ""
| #define PACKAGE_URL ""
| #define MSVC_TARGET 64
| #define SIZEOF_UNSIGNED_CHAR 1
| #define SIZEOF_UNSIGNED_SHORT 2
| #define SIZEOF_UNSIGNED_INT 4
| #define SIZEOF_UNSIGNED_LONG 8
| #define SIZEOF_UNSIGNED_LONG_LONG 8
| #define HAVE_GETENV 1
| #define BX_HAVE_GETENV 1
| #define HAVE_SETENV 1
| #define BX_HAVE_SETENV 1
| #define HAVE_SNPRINTF 1
| #define BX_HAVE_SNPRINTF 1
| #define HAVE_VSNPRINTF 1
| #define BX_HAVE_VSNPRINTF 1
| #define BX_HAVE_SELECT 1
| #define BX_HAVE_SOCKLEN_T 0
| #define BX_HAVE_STRTOULL 1
| #define BX_HAVE_STRTOUQ 0
| #define BX_HAVE_STRDUP 1
| #define BX_HAVE_STRREV 1
| #define BX_HAVE_STRICMP 1
| #define BX_HAVE_STRCASECMP 0
| #define BX_HAVE_MKSTEMP 0
| #define BX_HAVE_SYS_MMAN_H 0
| #define BX_HAVE_GETTIMEOFDAY 0
| #define BX_HAVE_USLEEP 0
| #define BX_HAVE___BUILTIN_BSWAP32 0
| #define BX_HAVE___BUILTIN_BSWAP64 0
| #define BX_HAVE_TMPFILE64 0
| #define BX_HAVE_FSEEK64 0
| #define BX_HAVE_FSEEKO64 0
| #define BX_HAVE_SSIZE_T 0
| #define BX_HAVE_SETENV 0
| #define SIZEOF_INT_P 8
| #define HAVE_SLEEP 1
| #define BX_HAVE_SLEEP 1
| #define HAVE_NANOSLEEP 1
| #define BX_HAVE_NANOSLEEP 1
| #define HAVE_ABORT 1
| #define BX_HAVE_ABORT 1
| #define HAVE_TIMELOCAL 1
| #define BX_HAVE_TIMELOCAL 1
| #define HAVE_GMTIME 1
| #define BX_HAVE_GMTIME 1
| #define HAVE_MKTIME 1
| #define BX_HAVE_MKTIME 1
| #define _FILE_OFFSET_BITS 64
| #define HAVE_LARGEFILE_SUPPORT 1
| #define BX_HAVE_SET 1
| #define BX_HAVE_MAP 1
| #define BX_USE_IDLE_HACK 0
| #define BX_HAVE_DLFCN_H 1
| #define HAVE_ASSERT_H 1
| #define BX_PLUGINS 0
| #define BX_SUPPORT_A20 1
| #define BX_SUPPORT_X86_64 1
| #define BX_SUPPORT_SMP 1
| #define BX_USE_CPU_SMF 0
| #define BX_CPU_LEVEL 6
| #define BX_PHY_ADDRESS_LONG 1
| #define BX_LARGE_RAMFILE 1
| #define BX_CONFIGURE_MSRS 1
| #define BX_SHOW_IPS 1
| #define BX_DEBUGGER 1
| #define BX_GDBSTUB 0
| #define BX_SUPPORT_IODEBUG 1
| #define BX_SUPPORT_REPEAT_SPEEDUPS 1
| #define BX_FAST_FUNC_CALL 1
| #define BX_SUPPORT_HANDLERS_CHAINING_SPEEDUPS 0
| #define BX_ENABLE_TRACE_LINKING 1
| #define BX_INSTRUMENTATION 0
| #define BX_NO_LOGGING 0
| #define BX_ENABLE_STATISTICS 1
| #define BX_ASSERT_ENABLE 1
| #define BX_SUPPORT_FPU 1
| #define BX_SUPPORT_VMX 2
| #define BX_SUPPORT_SVM 0
| #define BX_SUPPORT_PKEYS 0
| #define BX_SUPPORT_CET 0
| #define BX_SUPPORT_3DNOW 0
| #define BX_SUPPORT_ALIGNMENT_CHECK 1
| #define BX_SUPPORT_MONITOR_MWAIT 1
| #define BX_SUPPORT_PERFMON 1
| #define BX_SUPPORT_MEMTYPE 0
| #define BX_SUPPORT_AVX 0
| #define BX_SUPPORT_EVEX 0
| #define BX_X86_DEBUGGER 0
| #define BX_SUPPORT_PCI 1
| #define BX_SUPPORT_PCIDEV 0
| #define BX_SUPPORT_USB_UHCI 1
| #define BX_SUPPORT_USB_OHCI 1
| #define BX_SUPPORT_USB_EHCI 1
| #define BX_SUPPORT_USB_XHCI 1
| #define BX_SUPPORT_NE2K 1
| #define BX_SUPPORT_PCIPNIC 0
| #define BX_SUPPORT_E1000 1
| #define BX_NETMOD_SLIRP 1
| #define BX_NETMOD_SOCKET 1
| #define BX_NETMOD_WIN32 1
| #define BX_NETWORKING 1
| #define USE_RAW_SERIAL 0
| #define BX_SUPPORT_CLGD54XX 1
| #define BX_SUPPORT_VOODOO 1
| #define LOWLEVEL_CDROM cdrom_win32_c
| #define BX_SUPPORT_CDROM 1
| #define BX_SUPPORT_SB16 1
| #define BX_SUPPORT_ES1370 1
| #define BX_SUPPORT_SOUNDLOW 1
| #define BX_HAVE_SOUND_WIN 1
| #define BX_SOUND_LOWLEVEL_NAME "win"
| #define BX_SUPPORT_GAMEPORT 1
| #define BX_SUPPORT_BUSMOUSE 1
| #define BX_WITH_RFB 1
| #define BX_WITH_WIN32 1
| #define BX_WITH_NOGUI 1
| #define BX_DEFAULT_CONFIG_INTERFACE "win32config"
| #define BX_DEFAULT_DISPLAY_LIBRARY "win32"
| #define BX_USE_TEXTCONFIG 1
| #define BX_USE_GUI_CONSOLE 1
| #define BX_64BIT_CONSTANTS_USE_LL 0
| #define BX_CPP_INLINE __forceinline
| #define BX_NO_ATTRIBUTES 1
| #define HAVE_LIBREADLINE 0
| #define HAVE_READLINE_HISTORY_H 0
| #define BX_HAVE_DLFCN_H 0
| #define BX_DEBUGGER_GUI 1
| /* end confdefs.h.  */
| #include <pthread.h>
configure:25783: result: no
configure:25783: checking for pthread.h
configure:25783: result: no
configure:26191: checking for gzip
configure:26209: found /usr/bin/gzip
configure:26221: result: /usr/bin/gzip
configure:26231: checking for tar
configure:26249: found /usr/bin/tar
configure:26261: result: /usr/bin/tar
configure:26271: checking for iasl
configure:26302: result: not_found
configure:26428: creating ./config.status

## ---------------------- ##
## Running config.status. ##
## ---------------------- ##

This file was extended by config.status, which was
generated by GNU Autoconf 2.69.  Invocation command line was

  CONFIG_FILES    = 
  CONFIG_HEADERS  = 
  CONFIG_LINKS    = 
  CONFIG_COMMANDS = 
  $ ./config.status 

on lenotop

config.status:1111: creating Makefile
config.status:1111: creating iodev/Makefile
config.status:1111: creating iodev/display/Makefile
config.status:1111: creating iodev/hdimage/Makefile
config.status:1111: creating iodev/usb/Makefile
config.status:1111: creating iodev/network/Makefile
config.status:1111: creating iodev/sound/Makefile
config.status:1111: creating bx_debug/Makefile
config.status:1111: creating bios/Makefile
config.status:1111: creating cpu/Makefile
config.status:1111: creating cpu/avx/Makefile
config.status:1111: creating cpu/cpudb/Makefile
config.status:1111: creating cpu/fpu/Makefile
config.status:1111: creating memory/Makefile
config.status:1111: creating gui/Makefile
config.status:1111: creating instrument/stubs/Makefile
config.status:1111: creating misc/Makefile
config.status:1111: creating doc/docbook/Makefile
config.status:1111: creating build/linux/bochs-dlx
config.status:1111: creating bxversion.h
config.status:1111: creating bxversion.rc
config.status:1111: creating build/macosx/Info.plist
config.status:1111: creating build/win32/nsis/Makefile
config.status:1111: creating build/win32/nsis/bochs.nsi
config.status:1111: creating host/linux/pcidev/Makefile
config.status:1111: creating config.h
config.status:1111: creating ltdlconf.h

## ---------------- ##
## Cache variables. ##
## ---------------- ##

ac_cv_build=x86_64-pc-cygwin
ac_cv_c_bigendian=no
ac_cv_c_compiler_gnu=yes
ac_cv_cxx_compiler_gnu=yes
ac_cv_env_CCC_set=
ac_cv_env_CCC_value=
ac_cv_env_CC_set=
ac_cv_env_CC_value=
ac_cv_env_CFLAGS_set=
ac_cv_env_CFLAGS_value=
ac_cv_env_CPPFLAGS_set=
ac_cv_env_CPPFLAGS_value=
ac_cv_env_CPP_set=
ac_cv_env_CPP_value=
ac_cv_env_CXXCPP_set=
ac_cv_env_CXXCPP_value=
ac_cv_env_CXXFLAGS_set=
ac_cv_env_CXXFLAGS_value=
ac_cv_env_CXX_set=
ac_cv_env_CXX_value=
ac_cv_env_F77_set=
ac_cv_env_F77_value=
ac_cv_env_FFLAGS_set=
ac_cv_env_FFLAGS_value=
ac_cv_env_LDFLAGS_set=
ac_cv_env_LDFLAGS_value=
ac_cv_env_LIBS_set=
ac_cv_env_LIBS_value=
ac_cv_env_XMKMF_set=
ac_cv_env_XMKMF_value=
ac_cv_env_build_alias_set=
ac_cv_env_build_alias_value=
ac_cv_env_host_alias_set=
ac_cv_env_host_alias_value=
ac_cv_env_target_alias_set=set
ac_cv_env_target_alias_value=x86_64-windows
ac_cv_exeext=.exe
ac_cv_func_abort=yes
ac_cv_func_getenv=yes
ac_cv_func_gmtime=yes
ac_cv_func_mktime=yes
ac_cv_func_nanosleep=yes
ac_cv_func_setenv=yes
ac_cv_func_sleep=yes
ac_cv_func_snprintf=yes
ac_cv_func_timelocal=yes
ac_cv_func_vsnprintf=yes
ac_cv_header_assert_h=yes
ac_cv_header_dlfcn_h=yes
ac_cv_header_pthread_h=no
ac_cv_header_readline_history_h=no
ac_cv_host=x86_64-pc-cygwin
ac_cv_member_struct_sockaddr_in_sin_len=no
ac_cv_objext=o
ac_cv_path_DOCBOOK2HTML=not_found
ac_cv_path_FLEX=/usr/bin/flex
ac_cv_path_GZIP=/usr/bin/gzip
ac_cv_path_IASL=not_found
ac_cv_path_PKGCONFIG=/usr/bin/pkg-config
ac_cv_path_TAR=/usr/bin/tar
ac_cv_path_YACC=/usr/bin/yacc
ac_cv_prog_WGET=wget
ac_cv_prog_WX_CONFIG=not_found
ac_cv_prog_ac_ct_CC=gcc
ac_cv_prog_ac_ct_CXX=g++
ac_cv_prog_cc_c89=
ac_cv_prog_cc_g=yes
ac_cv_prog_cxx_g=yes
ac_cv_prog_make_make_set=yes
ac_cv_sizeof_unsigned_char=1
ac_cv_sizeof_unsigned_int=4
ac_cv_sizeof_unsigned_long=8
ac_cv_sizeof_unsigned_long_long=8
ac_cv_sizeof_unsigned_short=2
ac_cv_sys_file_offset_bits=64
ac_cv_target=x86_64-pc-windows

## ----------------- ##
## Output variables. ##
## ----------------- ##

ALSA_SOUND_LINK_OPTS=''
AR=''
AVX_LIB_VAR=''
BOCHS_BITS='64'
BUILD_DOCBOOK_VAR=''
BUSM_OBJS='busmouse.o'
BXHUB_FLAG='/DBXHUB'
BXHUB_LINK_OPTS='ws2_32.lib'
BXIMAGE_FLAG='/DBXIMAGE'
BXIMAGE_LINK_OPTS='user32.lib'
BX_LARGE_RAMFILE=''
BX_USE_IDLE_HACK=''
CC='cl'
CDROM_OBJS='cdrom.o cdrom_win32.o'
CD_UP_ONE='cd ..'
CD_UP_THREE='cd ..\..\..'
CD_UP_TWO='cd ..\..'
CFLAGS='/nologo /MT /W3 /DNDEBUG /DWIN32 /D_WINDOWS /D_CRT_SECURE_NO_WARNINGS /O2 /Gr /EHsc'
CFP='/Tc'
CI_PLUGIN_OBJS='textconfig.o $(CI_OBJS_WIN32)'
CI_SUPPORT_OBJS='$(CI_OBJS_WIN32_SUPPORT)'
CLEAN_DOCBOOK_VAR=''
CLEAN_PCIDEV_VAR=''
COMMAND_SEPARATOR=''
CPP=''
CPPFLAGS=' -D_FILE_OFFSET_BITS=64 -D_LARGE_FILES'
CPP_SUFFIX='cc'
CXX='cl'
CXXCPP=''
CXXFLAGS='/nologo /MT /W3 /DNDEBUG /DWIN32 /D_WINDOWS /D_CRT_SECURE_NO_WARNINGS /O2 /Gr /EHsc'
CXXFLAGS_CONSOLE='/nologo /MT /W3 /EHs-c- /DNDEBUG /DWIN32 /D_WINDOWS /D_CRT_SECURE_NO_WARNINGS /O2 /Gr /EHsc'
CXXFP='/Tp'
DASH='/'
DEBUGGER_VAR='$(DEBUGGER_LIB)'
DEFINE_PLUGIN_PATH=''
DEFS='-DHAVE_CONFIG_H'
DEPMOD=''
DEVICE_LINK_OPTS=' iphlpapi.lib ws2_32.lib winmm.lib'
DISPLAY_DLL_TARGETS='bx_svga_cirrus.dll bx_voodoo.dll'
DISPLAY_EXTRA_OBJS=' banshee.o'
DISPLAY_LIB_VAR='iodev/display/libdisplay.a'
DISPLAY_OBJS='svga_cirrus.o voodoo.o'
DOCBOOK2HTML='not_found'
ECHO='echo'
ECHO_C=''
ECHO_N='-n'
ECHO_T=''
EGREP=''
ENH_DBG_OBJS='enh_dbg.o win32_enh_dbg_osdep.o'
EXE='.exe'
EXEEXT='.exe'
EXPORT_DYNAMIC=''
EXTERNAL_DEPENDENCY=''
EXTRA_BX_OBJS=' win32res.o'
EXTRA_LINK_OPTS=''
EXT_MSVC_DLL_RULES=''
F77=''
FFLAGS=''
FLEX='/usr/bin/flex'
FPU_VAR='$(FPU_LIB)'
GAME_OBJS='gameport.o'
GDBSTUB_VAR=''
GREP=''
GUI_CFLAGS=''
GUI_CXXFLAGS=''
GUI_DLL_TARGETS=' bx_rfb_gui.dll bx_win32_gui.dll bx_nogui_gui.dll'
GUI_LINK_OPTS=' $(GUI_LINK_OPTS_RFB) $(GUI_LINK_OPTS_WIN32_VCPP)'
GUI_LINK_OPTS_SDL2=''
GUI_LINK_OPTS_SDL=''
GUI_LINK_OPTS_TERM=''
GUI_LINK_OPTS_VNCSRV=''
GUI_LINK_OPTS_WX=''
GUI_NON_PLUGIN_OBJS='$(OBJS_THAT_CANNOT_BE_PLUGINS) $(OBJS_THAT_CAN_BE_PLUGINS) $(OBJS_THAT_SUPPORT_OTHER_PLUGINS)'
GUI_PLUGIN_NAME_TRANSFORMATION='%.o=libbx_%_gui.la'
GUI_PLUGIN_OBJS=''
GZIP='/usr/bin/gzip'
HDIMAGE_LIB_VAR='iodev/hdimage/libhdimage.a'
IASL='not_found'
IMG_PLUGIN_NAME_TRANSFORMATION='%.o=libbx_%_img.la'
INLINE_VAR=''
INSMOD=''
INSTALL_DOCBOOK_VAR=''
INSTALL_LIST_FOR_PLATFORM=''
INSTALL_PLUGINS_VAR=''
INSTALL_TARGET='install_win32'
INSTRUMENT_DIR='instrument/stubs'
INSTRUMENT_VAR=''
IODEBUG_OBJS='iodebug.o'
IODEV_DLL_TARGETS=''
IODEV_EXT_NON_PLUGIN_OBJS='$(OBJS_THAT_CANNOT_BE_PLUGINS) $(OBJS_THAT_CAN_BE_PLUGINS) $(OBJS_THAT_SUPPORT_OTHER_PLUGINS)'
IODEV_EXT_PLUGIN_OBJS=''
IODEV_LIB_VAR='iodev/libiodev.a'
IODEV_NON_PLUGIN_OBJS='$(OBJS_THAT_CANNOT_BE_PLUGINS) $(OBJS_THAT_CAN_BE_PLUGINS) $(OBJS_THAT_SUPPORT_OTHER_PLUGINS)'
IODEV_PLUGIN_OBJS=''
JADE='not_found'
KERNELDIR=''
KERNEL_MODULE_SUFFIX=''
LDFLAGS=''
LIBADD_DL=''
LIBOBJS=''
LIBS=''
LIBTOOL=''
LIBVNCSERVER_CONFIG=''
LINK='link  /nologo /subsystem:console /incremental:no /out:$@ '
LINK_CONSOLE='link  /nologo /subsystem:console /incremental:no /out:$@ '
LINK_DLL=''
LINK_VAR=''
LN_S=''
LSMOD=''
LTLIBOBJS=''
MAKELIB='lib /nologo /subsystem:console /verbose /out:$@'
NETDEV_DLL_TARGETS='bx_ne2k.dll bx_e1000.dll'
NETDEV_OBJS='ne2k.o e1000.o'
NETLOW_OBJS='eth_null.o eth_vnet.o eth_slirp.o eth_socket.o eth_win32.o'
NETWORK_LIB_VAR='iodev/network/libnetwork.a'
NONINLINE_VAR='$(NONINLINE_OBJS)'
NONPLUGIN_GUI_LINK_OPTS='$(GUI_LINK_OPTS)'
NO_FLEX_YACC='#'
OBJEXT='o'
OBJS64='$(OBJS64)'
OFP='/Fo'
OPTIONAL_TARGET=' bxhub.exe niclist.exe'
PACKAGE_BUGREPORT=''
PACKAGE_NAME=''
PACKAGE_STRING=''
PACKAGE_TARNAME=''
PACKAGE_URL=''
PACKAGE_VERSION=''
PATH_SEPARATOR=':'
PCIDEV_MODULE_MAKE_ALL=''
PCI_OBJS='pci.o pci2isa.o pci_ide.o acpi.o hpet.o'
PKGCONFIG='/usr/bin/pkg-config'
PLUGIN_LIB=''
PLUGIN_LIBNAME_TRANSFORMATION='%.o=libbx_%.la'
PLUGIN_TARGET=''
PLUGIN_TARGET_2=''
PLUGIN_VAR=''
PRIMARY_TARGET='bochs.exe'
PTHREAD_CC='cl'
PTHREAD_CFLAGS=''
PTHREAD_LIBS=''
RANLIB='echo'
RC_CMD='rc /fo'
READLINE_LIB=''
REL_STRING='Built by Dreg 2022'
REL_TIMESTAMP='Sun Aug  1 10:07:00 CEST 2021'
RFB_LIBS=' ws2_32.lib'
RMCOMMAND='-del'
RMMOD=''
SDL_SOUND_LINK_OPTS=''
SET_MAKE=''
SHELL='/bin/sh'
SLASH='\'
SOUNDHW_DLL_TARGETS='bx_sb16.dll bx_es1370.dll'
SOUNDHW_OBJS='sb16.o es1370.o'
SOUNDLOW_OBJS='soundwin.o'
SOUND_LIB_VAR='iodev/sound/libsound.a'
SPECIFIC_GUI_OBJS=' $(GUI_OBJS_RFB) $(GUI_OBJS_WIN32) $(GUI_OBJS_NOGUI)'
SPECIFIC_GUI_SUPPORT_OBJS=''
STRIP=''
SUFFIX_LINE='.SUFFIXES: .cc'
TAR='/usr/bin/tar'
TOOLKIT_CXXFLAGS=''
USBHC_DLL_TARGETS='bx_usb_uhci.dll bx_usb_ohci.dll bx_usb_ehci.dll bx_usb_xhci.dll'
USBHC_OBJS='usb_uhci.o usb_ohci.o usb_ehci.o usb_xhci.o'
USB_LIB_VAR='iodev/usb/libusb.a'
VERSION='2.7'
VER_MAJOR='2'
VER_MINOR='7'
VER_REVISION='0'
VER_SVN='0'
WGET='wget'
WIN32_DLL_IMPORT_LIB=''
WX_CFLAGS=''
WX_CONFIG='not_found'
WX_CXXFLAGS=''
XMKMF=''
X_CFLAGS=''
X_EXTRA_LIBS=''
X_LIBS=''
X_PRE_LIBS=''
YACC='/usr/bin/yacc'
ac_ct_CC='gcc'
ac_ct_CXX='g++'
ac_ct_F77=''
bindir='${exec_prefix}/bin'
build='x86_64-pc-cygwin'
build_alias=''
build_cpu='x86_64'
build_os='cygwin'
build_vendor='pc'
datadir='${datarootdir}'
datarootdir='${prefix}/share'
docdir='${datarootdir}/doc/${PACKAGE}'
dvidir='${docdir}'
exec_prefix='${prefix}'
host='x86_64-pc-cygwin'
host_alias=''
host_cpu='x86_64'
host_os='cygwin'
host_vendor='pc'
htmldir='${docdir}'
includedir='${prefix}/include'
infodir='${datarootdir}/info'
libdir='${exec_prefix}/lib'
libexecdir='${exec_prefix}/libexec'
localedir='${datarootdir}/locale'
localstatedir='${prefix}/var'
mandir='${datarootdir}/man'
oldincludedir='/usr/include'
pdfdir='${docdir}'
prefix='/usr/local'
program_transform_name='s,x,x,'
psdir='${docdir}'
sbindir='${exec_prefix}/sbin'
sharedstatedir='${prefix}/com'
sysconfdir='${prefix}/etc'
target='x86_64-pc-windows'
target_alias='x86_64-windows'
target_cpu='x86_64'
target_os='windows'
target_vendor='pc'

## ----------- ##
## confdefs.h. ##
## ----------- ##

/* confdefs.h */
#define PACKAGE_NAME ""
#define PACKAGE_TARNAME ""
#define PACKAGE_VERSION ""
#define PACKAGE_STRING ""
#define PACKAGE_BUGREPORT ""
#define PACKAGE_URL ""
#define MSVC_TARGET 64
#define SIZEOF_UNSIGNED_CHAR 1
#define SIZEOF_UNSIGNED_SHORT 2
#define SIZEOF_UNSIGNED_INT 4
#define SIZEOF_UNSIGNED_LONG 8
#define SIZEOF_UNSIGNED_LONG_LONG 8
#define HAVE_GETENV 1
#define BX_HAVE_GETENV 1
#define HAVE_SETENV 1
#define BX_HAVE_SETENV 1
#define HAVE_SNPRINTF 1
#define BX_HAVE_SNPRINTF 1
#define HAVE_VSNPRINTF 1
#define BX_HAVE_VSNPRINTF 1
#define BX_HAVE_SELECT 1
#define BX_HAVE_SOCKLEN_T 0
#define BX_HAVE_STRTOULL 1
#define BX_HAVE_STRTOUQ 0
#define BX_HAVE_STRDUP 1
#define BX_HAVE_STRREV 1
#define BX_HAVE_STRICMP 1
#define BX_HAVE_STRCASECMP 0
#define BX_HAVE_MKSTEMP 0
#define BX_HAVE_SYS_MMAN_H 0
#define BX_HAVE_GETTIMEOFDAY 0
#define BX_HAVE_USLEEP 0
#define BX_HAVE___BUILTIN_BSWAP32 0
#define BX_HAVE___BUILTIN_BSWAP64 0
#define BX_HAVE_TMPFILE64 0
#define BX_HAVE_FSEEK64 0
#define BX_HAVE_FSEEKO64 0
#define BX_HAVE_SSIZE_T 0
#define BX_HAVE_SETENV 0
#define SIZEOF_INT_P 8
#define HAVE_SLEEP 1
#define BX_HAVE_SLEEP 1
#define HAVE_NANOSLEEP 1
#define BX_HAVE_NANOSLEEP 1
#define HAVE_ABORT 1
#define BX_HAVE_ABORT 1
#define HAVE_TIMELOCAL 1
#define BX_HAVE_TIMELOCAL 1
#define HAVE_GMTIME 1
#define BX_HAVE_GMTIME 1
#define HAVE_MKTIME 1
#define BX_HAVE_MKTIME 1
#define _FILE_OFFSET_BITS 64
#define HAVE_LARGEFILE_SUPPORT 1
#define BX_HAVE_SET 1
#define BX_HAVE_MAP 1
#define BX_USE_IDLE_HACK 0
#define BX_HAVE_DLFCN_H 1
#define HAVE_ASSERT_H 1
#define BX_PLUGINS 0
#define BX_SUPPORT_A20 1
#define BX_SUPPORT_X86_64 1
#define BX_SUPPORT_SMP 1
#define BX_USE_CPU_SMF 0
#define BX_CPU_LEVEL 6
#define BX_PHY_ADDRESS_LONG 1
#define BX_LARGE_RAMFILE 1
#define BX_CONFIGURE_MSRS 1
#define BX_SHOW_IPS 1
#define BX_DEBUGGER 1
#define BX_GDBSTUB 0
#define BX_SUPPORT_IODEBUG 1
#define BX_SUPPORT_REPEAT_SPEEDUPS 1
#define BX_FAST_FUNC_CALL 1
#define BX_SUPPORT_HANDLERS_CHAINING_SPEEDUPS 0
#define BX_ENABLE_TRACE_LINKING 1
#define BX_INSTRUMENTATION 0
#define BX_NO_LOGGING 0
#define BX_ENABLE_STATISTICS 1
#define BX_ASSERT_ENABLE 1
#define BX_SUPPORT_FPU 1
#define BX_SUPPORT_VMX 2
#define BX_SUPPORT_SVM 0
#define BX_SUPPORT_PKEYS 0
#define BX_SUPPORT_CET 0
#define BX_SUPPORT_3DNOW 0
#define BX_SUPPORT_ALIGNMENT_CHECK 1
#define BX_SUPPORT_MONITOR_MWAIT 1
#define BX_SUPPORT_PERFMON 1
#define BX_SUPPORT_MEMTYPE 0
#define BX_SUPPORT_AVX 0
#define BX_SUPPORT_EVEX 0
#define BX_X86_DEBUGGER 0
#define BX_SUPPORT_PCI 1
#define BX_SUPPORT_PCIDEV 0
#define BX_SUPPORT_USB_UHCI 1
#define BX_SUPPORT_USB_OHCI 1
#define BX_SUPPORT_USB_EHCI 1
#define BX_SUPPORT_USB_XHCI 1
#define BX_SUPPORT_NE2K 1
#define BX_SUPPORT_PCIPNIC 0
#define BX_SUPPORT_E1000 1
#define BX_NETMOD_SLIRP 1
#define BX_NETMOD_SOCKET 1
#define BX_NETMOD_WIN32 1
#define BX_NETWORKING 1
#define USE_RAW_SERIAL 0
#define BX_SUPPORT_CLGD54XX 1
#define BX_SUPPORT_VOODOO 1
#define LOWLEVEL_CDROM cdrom_win32_c
#define BX_SUPPORT_CDROM 1
#define BX_SUPPORT_SB16 1
#define BX_SUPPORT_ES1370 1
#define BX_SUPPORT_SOUNDLOW 1
#define BX_HAVE_SOUND_WIN 1
#define BX_SOUND_LOWLEVEL_NAME "win"
#define BX_SUPPORT_GAMEPORT 1
#define BX_SUPPORT_BUSMOUSE 1
#define BX_WITH_RFB 1
#define BX_WITH_WIN32 1
#define BX_WITH_NOGUI 1
#define BX_DEFAULT_CONFIG_INTERFACE "win32config"
#define BX_DEFAULT_DISPLAY_LIBRARY "win32"
#define BX_USE_TEXTCONFIG 1
#define BX_USE_GUI_CONSOLE 1
#define BX_64BIT_CONSTANTS_USE_LL 0
#define BX_CPP_INLINE __forceinline
#define BX_NO_ATTRIBUTES 1
#define HAVE_LIBREADLINE 0
#define HAVE_READLINE_HISTORY_H 0
#define BX_HAVE_DLFCN_H 0
#define BX_DEBUGGER_GUI 1

configure: exit 0
